Removed Member From Class: ClassName=STM32H755_Breakout_Schematic Member=J1_16_Female Pin headers
Removed Member From Class: ClassName=STM32H755_Breakout_Schematic Member=J1_30_Female Pin headers
Removed Member From Class: ClassName=STM32H755_Breakout_Schematic Member=J2_16_Female Pin headers
Removed Member From Class: ClassName=STM32H755_Breakout_Schematic Member=J2_30_Female Pin headers
Removed Member From Class: ClassName=STM32H755_Breakout_Schematic Member=J_1_20 Female Pin headers
Removed Member From Class: ClassName=STM32H755_Breakout_Schematic Member=J_1_34 Female Pin headers
Removed Member From Class: ClassName=STM32H755_Breakout_Schematic Member=J_2_20 Female Pin headers
Removed Member From Class: ClassName=STM32H755_Breakout_Schematic Member=J_2_34 Female Pin headers
Added Component: Designator=BNO055(BNO055)
Add component (AddParameter): Name = "Contributor"; Value = "abdussamet28051999"; VariantName = "[No Variations]"
Add component (AddParameter): Name = "link"; Value = ""; VariantName = "[No Variations]"
Add component (AddParameter): Name = "Manufacturer"; Value = ""; VariantName = "[No Variations]"
Add component (AddParameter): Name = "Manufacturer Part"; Value = ""; VariantName = "[No Variations]"
Add component (AddParameter): Name = "spicePre"; Value = "U"; VariantName = "[No Variations]"
Add component (AddParameter): Name = "spiceSymbolName"; Value = "BNO055 MODIFIED"; VariantName = "[No Variations]"
Add component (AddParameter): Name = "Supplier"; Value = ""; VariantName = "[No Variations]"
Add component (AddParameter): Name = "Supplier Part"; Value = ""; VariantName = "[No Variations]"
Add Component: Footprint Not Found DIP 8 PIN SOCKET
Add Component: Footprint Not Found CONN-TH_P5.00_KF126-5.0-2P
Add Component: Footprint Not Found CURRENT-SENSOR-ACS712#IC
Add Component: Footprint Not Found CONN-TH_3P-P5.00_KF126-5.0-3P
Add Component: Footprint Not Found COMM-TH_MPU6050-TH
Add Component: Footprint Not Found COMM-TH_TMC2209SILENTSTEPSTICK
Add Component: Footprint Not Found VL53L1X_BREAKOUT
Added Member To Class: ClassName=STM32H755_Breakout_Schematic Member=Component BNO055 BNO055 MODIFIED
Add Class Member: Failed to add class member : Component CONN_8DIP 8 PIN DIP SOCKET
Add Class Member: Failed to add class member : Component CONN KF126-5.0-2P
Add Class Member: Failed to add class member : Component CRR_SEN CURRENT-SENSOR-ACS712#IC
Add Class Member: Failed to add class member : Component LIMIT_SW Limit Switch
Add Class Member: Failed to add class member : Component MPU6050 MPU6050-TH COPY
Add Class Member: Failed to add class member : Component TMC TMC2209 Socket
Add Class Member: Failed to add class member : Component VL VL53L1X_BREAKOUT COPY
