Removed Pin From Net: NetName=GND Pin=5V_in-2
Removed Pin From Net: NetName=Encoder A Pin=Phases Encoder-1
Removed Pin From Net: NetName=Encoder B Pin=Phases Encoder-2
Removed Pin From Net: NetName=3.3 V Pin=SW_Main_Power_3.3V-2
Removed Pin From Net: NetName=5V Pin=SW_Main_Power_5V-2
Removed Member From Class: ClassName=Sensors_Schematic Member=3.3V_O/P
Removed Member From Class: ClassName=Sensors_Schematic Member=5V_in
Removed Member From Class: ClassName=Sensors_Schematic Member=Current_Sens_Hub_Motor
Removed Member From Class: ClassName=Sensors_Schematic Member=LIMIT_SW1
Removed Member From Class: ClassName=Sensors_Schematic Member=Phases Encoder
Removed Member From Class: ClassName=Sensors_Schematic Member=Power_Encoder
Removed Member From Class: ClassName=Sensors_Schematic Member=R1
Removed Member From Class: ClassName=Sensors_Schematic Member=SW_Main_Power_5V
Change Component Designator: OldDesignator=3P-Terminal-3 NewDesignator=Phases Encoder
Added Component: Designator=5V(CONN-TH_P5.00_KF126-5.0-2P)
Add component (AddParameter): Name = "Contributor"; Value = "LCSC"; VariantName = "[No Variations]"
Add component (AddParameter): Name = "Manufacturer"; Value = "Cixi Kefa Elec"; VariantName = "[No Variations]"
Add component (AddParameter): Name = "Manufacturer Part"; Value = "KF126-5.0-2P"; VariantName = "[No Variations]"
Add component (AddParameter): Name = "spicePre"; Value = "P"; VariantName = "[No Variations]"
Add component (AddParameter): Name = "spiceSymbolName"; Value = "KF126-5.0-2P"; VariantName = "[No Variations]"
Add component (AddParameter): Name = "Supplier"; Value = "LCSC"; VariantName = "[No Variations]"
Add component (AddParameter): Name = "Supplier Part"; Value = "C474900"; VariantName = "[No Variations]"
Added Component: Designator=F1(FP-0PTF0078P-MFG)
Add component (AddParameter): Name = "Ambient Temperature Range High"; Value = "+85°C"; VariantName = "[No Variations]"
Add component (AddParameter): Name = "Ambient Temperature Range Low"; Value = "-30°C"; VariantName = "[No Variations]"
Add component (AddParameter): Name = "Automotive"; Value = "No"; VariantName = "[No Variations]"
Add component (AddParameter): Name = "Category"; Value = "Fuse"; VariantName = "[No Variations]"
Add component (AddParameter): Name = "ComponentLink2Description"; Value = "Datasheet"; VariantName = "[No Variations]"
Add component (AddParameter): Name = "ComponentLink2URL"; Value = "https://media.digikey.com/pdf/Data%20Sheets/Littelfuse%20PDFs/PTF075_77_78.pdf"; VariantName = "[No Variations]"
Add component (AddParameter): Name = "Conn Orientation"; Value = "Vertical"; VariantName = "[No Variations]"
Add component (AddParameter): Name = "Device Class L1"; Value = "Circuit Protection"; VariantName = "[No Variations]"
Add component (AddParameter): Name = "Device Class L2"; Value = "Fuse Holders"; VariantName = "[No Variations]"
Add component (AddParameter): Name = "Device Class L3"; Value = "unset"; VariantName = "[No Variations]"
Add component (AddParameter): Name = "Digikey Description"; Value = "FUSE BLOCK CARTRIDGE PCB"; VariantName = "[No Variations]"
Add component (AddParameter): Name = "Fuse Current"; Value = "6.3A"; VariantName = "[No Variations]"
Add component (AddParameter): Name = "Height"; Value = "11.5mm"; VariantName = "[No Variations]"
Add component (AddParameter): Name = "Lead Free"; Value = "Yes"; VariantName = "[No Variations]"
Add component (AddParameter): Name = "Manufacturer"; Value = "Littelfuse Inc"; VariantName = "[No Variations]"
Add component (AddParameter): Name = "Manufacturer Part Number"; Value = "0PTF0078P"; VariantName = "[No Variations]"
Add component (AddParameter): Name = "Mouser Description"; Value = "Fuse Holder 5X20MM Pitch 22/7 UL94V0 Open"; VariantName = "[No Variations]"
Add component (AddParameter): Name = "Number Of Fuses"; Value = "1"; VariantName = "[No Variations]"
Add component (AddParameter): Name = "Octopart"; Value = "https://octopart.com/0ptf0078p-littelfuse-13255855"; VariantName = "[No Variations]"
Add component (AddParameter): Name = "Package"; Value = "0"; VariantName = "[No Variations]"
Add component (AddParameter): Name = "RoHS"; Value = "TRUE"; VariantName = "[No Variations]"
Add component (AddParameter): Name = "Voltage Rating Ac"; Value = "250V"; VariantName = "[No Variations]"
Add component (AddParameter): Name = "Voltage Rating Dc"; Value = "250V"; VariantName = "[No Variations]"
Added Component: Designator=F2(FP-0PTF0078P-MFG)
Add component (AddParameter): Name = "Ambient Temperature Range High"; Value = "+85°C"; VariantName = "[No Variations]"
Add component (AddParameter): Name = "Ambient Temperature Range Low"; Value = "-30°C"; VariantName = "[No Variations]"
Add component (AddParameter): Name = "Automotive"; Value = "No"; VariantName = "[No Variations]"
Add component (AddParameter): Name = "Category"; Value = "Fuse"; VariantName = "[No Variations]"
Add component (AddParameter): Name = "ComponentLink2Description"; Value = "Datasheet"; VariantName = "[No Variations]"
Add component (AddParameter): Name = "ComponentLink2URL"; Value = "https://media.digikey.com/pdf/Data%20Sheets/Littelfuse%20PDFs/PTF075_77_78.pdf"; VariantName = "[No Variations]"
Add component (AddParameter): Name = "Conn Orientation"; Value = "Vertical"; VariantName = "[No Variations]"
Add component (AddParameter): Name = "Device Class L1"; Value = "Circuit Protection"; VariantName = "[No Variations]"
Add component (AddParameter): Name = "Device Class L2"; Value = "Fuse Holders"; VariantName = "[No Variations]"
Add component (AddParameter): Name = "Device Class L3"; Value = "unset"; VariantName = "[No Variations]"
Add component (AddParameter): Name = "Digikey Description"; Value = "FUSE BLOCK CARTRIDGE PCB"; VariantName = "[No Variations]"
Add component (AddParameter): Name = "Fuse Current"; Value = "6.3A"; VariantName = "[No Variations]"
Add component (AddParameter): Name = "Height"; Value = "11.5mm"; VariantName = "[No Variations]"
Add component (AddParameter): Name = "Lead Free"; Value = "Yes"; VariantName = "[No Variations]"
Add component (AddParameter): Name = "Manufacturer"; Value = "Littelfuse Inc"; VariantName = "[No Variations]"
Add component (AddParameter): Name = "Manufacturer Part Number"; Value = "0PTF0078P"; VariantName = "[No Variations]"
Add component (AddParameter): Name = "Mouser Description"; Value = "Fuse Holder 5X20MM Pitch 22/7 UL94V0 Open"; VariantName = "[No Variations]"
Add component (AddParameter): Name = "Number Of Fuses"; Value = "1"; VariantName = "[No Variations]"
Add component (AddParameter): Name = "Octopart"; Value = "https://octopart.com/0ptf0078p-littelfuse-13255855"; VariantName = "[No Variations]"
Add component (AddParameter): Name = "Package"; Value = "0"; VariantName = "[No Variations]"
Add component (AddParameter): Name = "RoHS"; Value = "TRUE"; VariantName = "[No Variations]"
Add component (AddParameter): Name = "Voltage Rating Ac"; Value = "250V"; VariantName = "[No Variations]"
Add component (AddParameter): Name = "Voltage Rating Dc"; Value = "250V"; VariantName = "[No Variations]"
Added Component: Designator=LIMIT_SW2(CONN-TH_P5.00_KF126-5.0-2P)
Add component (AddParameter): Name = "Contributor"; Value = "LCSC"; VariantName = "[No Variations]"
Add component (AddParameter): Name = "Manufacturer"; Value = "Cixi Kefa Elec"; VariantName = "[No Variations]"
Add component (AddParameter): Name = "Manufacturer Part"; Value = "KF126-5.0-2P"; VariantName = "[No Variations]"
Add component (AddParameter): Name = "spicePre"; Value = "P"; VariantName = "[No Variations]"
Add component (AddParameter): Name = "spiceSymbolName"; Value = "KF126-5.0-2P"; VariantName = "[No Variations]"
Add component (AddParameter): Name = "Supplier"; Value = "LCSC"; VariantName = "[No Variations]"
Add component (AddParameter): Name = "Supplier Part"; Value = "C474900"; VariantName = "[No Variations]"
Added Component: Designator=LIMIT_SW3(CONN-TH_P5.00_KF126-5.0-2P)
Add component (AddParameter): Name = "Contributor"; Value = "LCSC"; VariantName = "[No Variations]"
Add component (AddParameter): Name = "Manufacturer"; Value = "Cixi Kefa Elec"; VariantName = "[No Variations]"
Add component (AddParameter): Name = "Manufacturer Part"; Value = "KF126-5.0-2P"; VariantName = "[No Variations]"
Add component (AddParameter): Name = "spicePre"; Value = "P"; VariantName = "[No Variations]"
Add component (AddParameter): Name = "spiceSymbolName"; Value = "KF126-5.0-2P"; VariantName = "[No Variations]"
Add component (AddParameter): Name = "Supplier"; Value = "LCSC"; VariantName = "[No Variations]"
Add component (AddParameter): Name = "Supplier Part"; Value = "C474900"; VariantName = "[No Variations]"
Added Component: Designator=LIMIT_SW4(CONN-TH_P5.00_KF126-5.0-2P)
Add component (AddParameter): Name = "Contributor"; Value = "LCSC"; VariantName = "[No Variations]"
Add component (AddParameter): Name = "Manufacturer"; Value = "Cixi Kefa Elec"; VariantName = "[No Variations]"
Add component (AddParameter): Name = "Manufacturer Part"; Value = "KF126-5.0-2P"; VariantName = "[No Variations]"
Add component (AddParameter): Name = "spicePre"; Value = "P"; VariantName = "[No Variations]"
Add component (AddParameter): Name = "spiceSymbolName"; Value = "KF126-5.0-2P"; VariantName = "[No Variations]"
Add component (AddParameter): Name = "Supplier"; Value = "LCSC"; VariantName = "[No Variations]"
Add component (AddParameter): Name = "Supplier Part"; Value = "C474900"; VariantName = "[No Variations]"
Added Component: Designator=R3(FP-MFR-12-MFG)
Add component (AddParameter): Name = "Max Operating Temperature"; Value = "155°C"; VariantName = "[No Variations]"
Add component (AddParameter): Name = "Min Operating Temperature"; Value = "-55°C"; VariantName = "[No Variations]"
Add component (AddParameter): Name = "Packaging"; Value = "Ammo Pack"; VariantName = "[No Variations]"
Add component (AddParameter): Name = "Power Rating"; Value = "160mW"; VariantName = "[No Variations]"
Add component (AddParameter): Name = "Resistance"; Value = "10kR"; VariantName = "[No Variations]"
Add component (AddParameter): Name = "Termination"; Value = "Axial"; VariantName = "[No Variations]"
Add component (AddParameter): Name = "Tolerance"; Value = "1%"; VariantName = "[No Variations]"
Add component (AddParameter): Name = "Voltage Rating"; Value = "200V"; VariantName = "[No Variations]"
Add component (AddParameter): Name = "Voltage Rating (DC)"; Value = "200V"; VariantName = "[No Variations]"
Added Component: Designator=R4(FP-MFR-12-MFG)
Add component (AddParameter): Name = "Max Operating Temperature"; Value = "155°C"; VariantName = "[No Variations]"
Add component (AddParameter): Name = "Min Operating Temperature"; Value = "-55°C"; VariantName = "[No Variations]"
Add component (AddParameter): Name = "Packaging"; Value = "Ammo Pack"; VariantName = "[No Variations]"
Add component (AddParameter): Name = "Power Rating"; Value = "160mW"; VariantName = "[No Variations]"
Add component (AddParameter): Name = "Resistance"; Value = "10kR"; VariantName = "[No Variations]"
Add component (AddParameter): Name = "Termination"; Value = "Axial"; VariantName = "[No Variations]"
Add component (AddParameter): Name = "Tolerance"; Value = "1%"; VariantName = "[No Variations]"
Add component (AddParameter): Name = "Voltage Rating"; Value = "200V"; VariantName = "[No Variations]"
Add component (AddParameter): Name = "Voltage Rating (DC)"; Value = "200V"; VariantName = "[No Variations]"
Added Component: Designator=R5(FP-MFR-12-MFG)
Add component (AddParameter): Name = "Max Operating Temperature"; Value = "155°C"; VariantName = "[No Variations]"
Add component (AddParameter): Name = "Min Operating Temperature"; Value = "-55°C"; VariantName = "[No Variations]"
Add component (AddParameter): Name = "Packaging"; Value = "Ammo Pack"; VariantName = "[No Variations]"
Add component (AddParameter): Name = "Power Rating"; Value = "160mW"; VariantName = "[No Variations]"
Add component (AddParameter): Name = "Resistance"; Value = "10kR"; VariantName = "[No Variations]"
Add component (AddParameter): Name = "Termination"; Value = "Axial"; VariantName = "[No Variations]"
Add component (AddParameter): Name = "Tolerance"; Value = "1%"; VariantName = "[No Variations]"
Add component (AddParameter): Name = "Voltage Rating"; Value = "200V"; VariantName = "[No Variations]"
Add component (AddParameter): Name = "Voltage Rating (DC)"; Value = "200V"; VariantName = "[No Variations]"
Added Pin To Net: NetName=GND Pin=5V-2
Added Pin To Net: NetName=3.3 V Pin=F1-1
Added Pin To Net: NetName=5V Pin=F2-1
Added Pin To Net: NetName=GND Pin=LIMIT_SW2-2
Added Pin To Net: NetName=GND Pin=LIMIT_SW3-2
Added Pin To Net: NetName=GND Pin=LIMIT_SW4-2
Added Pin To Net: NetName=Encoder A Pin=Phases Encoder-1
Added Pin To Net: NetName=Encoder B Pin=Phases Encoder-2
Added Pin To Net: NetName=3.3 V Pin=Phases Encoder-3
Added Pin To Net: NetName=3.3 V Pin=R3-1
Added Pin To Net: NetName=3.3 V Pin=R4-1
Added Pin To Net: NetName=3.3 V Pin=R5-1
Added Pin To Net: NetName=GND Pin=TMC1-15
Added Pin To Net: NetName=LM2_PIN Pin=Actuators-NUC-H7-162
Added Pin To Net: NetName=LM2_PIN Pin=LIMIT_SW2-1
Added Pin To Net: NetName=LM2_PIN Pin=R3-2
Added Net: Name=LM2_PIN
Added Pin To Net: NetName=LM3_PIN Pin=Actuators-NUC-H7-164
Added Pin To Net: NetName=LM3_PIN Pin=LIMIT_SW3-1
Added Pin To Net: NetName=LM3_PIN Pin=R4-2
Added Net: Name=LM3_PIN
Added Pin To Net: NetName=LM4_PIN Pin=Actuators-NUC-H7-166
Added Pin To Net: NetName=LM4_PIN Pin=LIMIT_SW4-1
Added Pin To Net: NetName=LM4_PIN Pin=R5-2
Added Net: Name=LM4_PIN
Added Pin To Net: NetName=Net5V_1 Pin=5V-1
Added Pin To Net: NetName=Net5V_1 Pin=SW_Main_Power_5V-3
Added Net: Name=Net5V_1
Added Pin To Net: NetName=NetF1_2 Pin=F1-2
Added Pin To Net: NetName=NetF1_2 Pin=SW_Main_Power_3.3V-2
Added Net: Name=NetF1_2
Added Pin To Net: NetName=NetF2_2 Pin=F2-2
Added Pin To Net: NetName=NetF2_2 Pin=SW_Main_Power_5V-2
Added Net: Name=NetF2_2
Added Member To Class: ClassName=Actuators_Schematic Member=Component 3.3V_O/P KF126-5.0-2P
Added Member To Class: ClassName=Actuators_Schematic Member=Component 5V KF126-5.0-2P
Added Member To Class: ClassName=Actuators_Schematic Member=Component F1 0PTF0078P
Added Member To Class: ClassName=Actuators_Schematic Member=Component F2 0PTF0078P
Added Member To Class: ClassName=Actuators_Schematic Member=Component LIMIT_SW1 LIMIT_SW
Added Member To Class: ClassName=Actuators_Schematic Member=Component LIMIT_SW2 LIMIT_SW
Added Member To Class: ClassName=Actuators_Schematic Member=Component LIMIT_SW3 LIMIT_SW
Added Member To Class: ClassName=Actuators_Schematic Member=Component LIMIT_SW4 LIMIT_SW
Added Member To Class: ClassName=Actuators_Schematic Member=Component Power_Encoder KF126-5.0-2P
Added Member To Class: ClassName=Actuators_Schematic Member=Component R1 10K
Added Member To Class: ClassName=Actuators_Schematic Member=Component R3 10K
Added Member To Class: ClassName=Actuators_Schematic Member=Component R4 10K
Added Member To Class: ClassName=Actuators_Schematic Member=Component R5 10K
Added Member To Class: ClassName=Actuators_Schematic Member=Component SW_Main_Power_5V EG1218
