Add Component: Footprint Not Found DIP 8 PIN SOCKET
Add Component: Footprint Not Found CONN-TH_P5.00_KF126-5.0-2P
Add Component: Footprint Not Found CURRENT-SENSOR-ACS712#IC
Add Component: Footprint Not Found CONN-TH_3P-P5.00_KF126-5.0-3P
Add Component: Footprint Not Found COMM-TH_MPU6050-TH
Add Component: Footprint Not Found COMM-TH_TMC2209SILENTSTEPSTICK
Added Component: Designator=VL 1(VL53L1X_BREAKOUT)
Add component (AddParameter): Name = "Contributor"; Value = "freddyka"; VariantName = "[No Variations]"
Add component (AddParameter): Name = "Manufacturer Part"; Value = "VL53L0X Time-of-Flight Distance Sensor VL53L0X"; VariantName = "[No Variations]"
Add component (AddParameter): Name = "spicePre"; Value = "U"; VariantName = "[No Variations]"
Add component (AddParameter): Name = "spiceSymbolName"; Value = "VL53L1X_BREAKOUT COPY"; VariantName = "[No Variations]"
Add component (AddParameter): Name = "Supplier"; Value = ""; VariantName = "[No Variations]"
Add component (AddParameter): Name = "Supplier Part"; Value = ""; VariantName = "[No Variations]"
Added Component: Designator=VL(VL53L1X_BREAKOUT)
Add component (AddParameter): Name = "Contributor"; Value = "freddyka"; VariantName = "[No Variations]"
Add component (AddParameter): Name = "Manufacturer Part"; Value = "VL53L0X Time-of-Flight Distance Sensor VL53L0X"; VariantName = "[No Variations]"
Add component (AddParameter): Name = "spicePre"; Value = "U"; VariantName = "[No Variations]"
Add component (AddParameter): Name = "spiceSymbolName"; Value = "VL53L1X_BREAKOUT COPY"; VariantName = "[No Variations]"
Add component (AddParameter): Name = "Supplier"; Value = ""; VariantName = "[No Variations]"
Add component (AddParameter): Name = "Supplier Part"; Value = ""; VariantName = "[No Variations]"
Add Class Member: Failed to add class member : Component CONN_8DIP 8 PIN DIP SOCKET
Add Class Member: Failed to add class member : Component CONN KF126-5.0-2P
Add Class Member: Failed to add class member : Component CRR_SEN CURRENT-SENSOR-ACS712#IC
Add Class Member: Failed to add class member : Component LIMIT_SW Limit Switch
Add Class Member: Failed to add class member : Component MPU6050 MPU6050-TH COPY
Add Class Member: Failed to add class member : Component TMC TMC2209 Socket
Added Member To Class: ClassName=STM32H755_Breakout_Schematic Member=Component VL 1 VL53L1X_BREAKOUT COPY
Added Member To Class: ClassName=Sensors_Schematic Member=Component VL VL53L1X_BREAKOUT COPY
