Removed Member From Class: ClassName=STM32H755_Breakout_Schematic Member=R1
Change Component Designator: OldDesignator=3P-Terminal-1 NewDesignator=H-Bridge_lifitng
Added Component: Designator=Brake_Motor?(CONN-TH_P5.00_KF126-5.0-2P)
Add component (AddParameter): Name = "Contributor"; Value = "LCSC"; VariantName = "[No Variations]"
Add component (AddParameter): Name = "Manufacturer"; Value = "Cixi Kefa Elec"; VariantName = "[No Variations]"
Add component (AddParameter): Name = "Manufacturer Part"; Value = "KF126-5.0-2P"; VariantName = "[No Variations]"
Add component (AddParameter): Name = "spicePre"; Value = "P"; VariantName = "[No Variations]"
Add component (AddParameter): Name = "spiceSymbolName"; Value = "KF126-5.0-2P"; VariantName = "[No Variations]"
Add component (AddParameter): Name = "Supplier"; Value = "LCSC"; VariantName = "[No Variations]"
Add component (AddParameter): Name = "Supplier Part"; Value = "C474900"; VariantName = "[No Variations]"
Added Component: Designator=CANH/L(CONN-TH_P5.00_KF126-5.0-2P)
Add component (AddParameter): Name = "Contributor"; Value = "LCSC"; VariantName = "[No Variations]"
Add component (AddParameter): Name = "Manufacturer"; Value = "Cixi Kefa Elec"; VariantName = "[No Variations]"
Add component (AddParameter): Name = "Manufacturer Part"; Value = "KF126-5.0-2P"; VariantName = "[No Variations]"
Add component (AddParameter): Name = "spicePre"; Value = "P"; VariantName = "[No Variations]"
Add component (AddParameter): Name = "spiceSymbolName"; Value = "KF126-5.0-2P"; VariantName = "[No Variations]"
Add component (AddParameter): Name = "Supplier"; Value = "LCSC"; VariantName = "[No Variations]"
Add component (AddParameter): Name = "Supplier Part"; Value = "C474900"; VariantName = "[No Variations]"
Added Component: Designator=Phases Encoder(CONN-TH_P5.00_KF126-5.0-2P)
Add component (AddParameter): Name = "Contributor"; Value = "LCSC"; VariantName = "[No Variations]"
Add component (AddParameter): Name = "Manufacturer"; Value = "Cixi Kefa Elec"; VariantName = "[No Variations]"
Add component (AddParameter): Name = "Manufacturer Part"; Value = "KF126-5.0-2P"; VariantName = "[No Variations]"
Add component (AddParameter): Name = "spicePre"; Value = "P"; VariantName = "[No Variations]"
Add component (AddParameter): Name = "spiceSymbolName"; Value = "KF126-5.0-2P"; VariantName = "[No Variations]"
Add component (AddParameter): Name = "Supplier"; Value = "LCSC"; VariantName = "[No Variations]"
Add component (AddParameter): Name = "Supplier Part"; Value = "C474900"; VariantName = "[No Variations]"
Added Component: Designator=R2(FP-MRS1600-MFG)
Add component (AddParameter): Name = "Case/Package"; Value = "Conformal"; VariantName = "[No Variations]"
Add component (AddParameter): Name = "Construction"; Value = "Cylindrical"; VariantName = "[No Variations]"
Add component (AddParameter): Name = "Contact Plating"; Value = "Tin"; VariantName = "[No Variations]"
Add component (AddParameter): Name = "Diameter"; Value = "1.6mm"; VariantName = "[No Variations]"
Add component (AddParameter): Name = "Lead Free"; Value = "Lead Free"; VariantName = "[No Variations]"
Add component (AddParameter): Name = "Length"; Value = "3.6mm"; VariantName = "[No Variations]"
Add component (AddParameter): Name = "Max Operating Temperature"; Value = "155°C"; VariantName = "[No Variations]"
Add component (AddParameter): Name = "Military Standard"; Value = "Not"; VariantName = "[No Variations]"
Add component (AddParameter): Name = "Min Operating Temperature"; Value = "-55°C"; VariantName = "[No Variations]"
Add component (AddParameter): Name = "Mount"; Value = "Through Hole"; VariantName = "[No Variations]"
Add component (AddParameter): Name = "Power Rating"; Value = "400mW"; VariantName = "[No Variations]"
Add component (AddParameter): Name = "Radiation Hardening"; Value = "No"; VariantName = "[No Variations]"
Add component (AddParameter): Name = "Resistance"; Value = "120R"; VariantName = "[No Variations]"
Add component (AddParameter): Name = "Resistor Type"; Value = "Thin Film"; VariantName = "[No Variations]"
Add component (AddParameter): Name = "RoHS Compliant"; Value = "Yes"; VariantName = "[No Variations]"
Add component (AddParameter): Name = "Series"; Value = "MRS16"; VariantName = "[No Variations]"
Add component (AddParameter): Name = "Technology"; Value = "THIN FILM"; VariantName = "[No Variations]"
Add component (AddParameter): Name = "Temperature Coefficient"; Value = "50ppm/°C"; VariantName = "[No Variations]"
Add component (AddParameter): Name = "Termination"; Value = "Axial"; VariantName = "[No Variations]"
Add component (AddParameter): Name = "Tolerance"; Value = "1%"; VariantName = "[No Variations]"
Add component (AddParameter): Name = "Width"; Value = "1.6mm"; VariantName = "[No Variations]"
Added Pin To Net: NetName=GND Pin=H-Bridge_lifitng-3
Added Pin To Net: NetName=CAN1_RX Pin=1-NUC-H7-185
Added Pin To Net: NetName=CAN1_RX Pin=MCP2551_8DIP-4
Added Net: Name=CAN1_RX
Added Pin To Net: NetName=CAN1_TX Pin=1-NUC-H7-187
Added Pin To Net: NetName=CAN1_TX Pin=MCP2551_8DIP-1
Added Net: Name=CAN1_TX
Added Pin To Net: NetName=Encoder A Pin=1-NUC-H7-239
Added Pin To Net: NetName=Encoder A Pin=Phases Encoder-1
Added Net: Name=Encoder A
Added Pin To Net: NetName=Encoder B Pin=1-NUC-H7-205
Added Pin To Net: NetName=Encoder B Pin=Phases Encoder-2
Added Net: Name=Encoder B
Added Pin To Net: NetName=I2C_1_SCL Pin=1-NUC-H7-224
Added Pin To Net: NetName=I2C_1_SCL Pin=BNO0-SCL
Added Net: Name=I2C_1_SCL
Added Pin To Net: NetName=I2C_1_SDA Pin=1-NUC-H7-226
Added Pin To Net: NetName=I2C_1_SDA Pin=BNO0-SDA
Added Net: Name=I2C_1_SDA
Added Pin To Net: NetName=Lifting_DIR_Pin Pin=1-NUC-H7-167
Added Pin To Net: NetName=Lifting_DIR_Pin Pin=H-Bridge_lifitng-2
Added Net: Name=Lifting_DIR_Pin
Added Pin To Net: NetName=Lifting_PWM_Pin Pin=1-NUC-H7-175
Added Pin To Net: NetName=Lifting_PWM_Pin Pin=H-Bridge_lifitng-1
Added Net: Name=Lifting_PWM_Pin
Added Pin To Net: NetName=MOTOR_CCW_Pin Pin=1-NUC-H7-169
Added Pin To Net: NetName=MOTOR_CCW_Pin Pin=Brake_Motor?-2
Added Net: Name=MOTOR_CCW_Pin
Added Pin To Net: NetName=MOTOR_CW_Pin Pin=1-NUC-H7-163
Added Pin To Net: NetName=MOTOR_CW_Pin Pin=Brake_Motor?-1
Added Net: Name=MOTOR_CW_Pin
Added Pin To Net: NetName=NetCANH/L_1 Pin=CANH/L-1
Added Pin To Net: NetName=NetCANH/L_1 Pin=MCP2551_8DIP-7
Added Pin To Net: NetName=NetCANH/L_1 Pin=R2-2
Added Net: Name=NetCANH/L_1
Added Pin To Net: NetName=NetCANH/L_2 Pin=CANH/L-2
Added Pin To Net: NetName=NetCANH/L_2 Pin=MCP2551_8DIP-6
Added Pin To Net: NetName=NetCANH/L_2 Pin=R2-1
Added Net: Name=NetCANH/L_2
Added Member To Class: ClassName=Actuators_Schematic Member=Component Brake_Motor? KF126-5.0-2P
Added Member To Class: ClassName=Sensors_Schematic Member=Component CANH/L KF126-5.0-2P
Added Member To Class: ClassName=Sensors_Schematic Member=Component Phases Encoder KF126-5.0-2P
Added Member To Class: ClassName=Sensors_Schematic Member=Component R2 120 Ohm
