Added Component: Designator=BRO14(CONN-TH_P5.00_KF126-5.0-2P)
Add component (AddParameter): Name = "Contributor"; Value = "LCSC"; VariantName = "[No Variations]"
Add component (AddParameter): Name = "Manufacturer"; Value = "Cixi Kefa Elec"; VariantName = "[No Variations]"
Add component (AddParameter): Name = "Manufacturer Part"; Value = "KF126-5.0-2P"; VariantName = "[No Variations]"
Add component (AddParameter): Name = "spicePre"; Value = "P"; VariantName = "[No Variations]"
Add component (AddParameter): Name = "spiceSymbolName"; Value = "KF126-5.0-2P"; VariantName = "[No Variations]"
Add component (AddParameter): Name = "Supplier"; Value = "LCSC"; VariantName = "[No Variations]"
Add component (AddParameter): Name = "Supplier Part"; Value = "C474900"; VariantName = "[No Variations]"
Added Component: Designator=BRO15(CONN-TH_P5.00_KF126-5.0-2P)
Add component (AddParameter): Name = "Contributor"; Value = "LCSC"; VariantName = "[No Variations]"
Add component (AddParameter): Name = "Manufacturer"; Value = "Cixi Kefa Elec"; VariantName = "[No Variations]"
Add component (AddParameter): Name = "Manufacturer Part"; Value = "KF126-5.0-2P"; VariantName = "[No Variations]"
Add component (AddParameter): Name = "spicePre"; Value = "P"; VariantName = "[No Variations]"
Add component (AddParameter): Name = "spiceSymbolName"; Value = "KF126-5.0-2P"; VariantName = "[No Variations]"
Add component (AddParameter): Name = "Supplier"; Value = "LCSC"; VariantName = "[No Variations]"
Add component (AddParameter): Name = "Supplier Part"; Value = "C474900"; VariantName = "[No Variations]"
Added Component: Designator=BRO_13(CONN-TH_3P-P5.00_KF126-5.0-3P)
Add component (AddParameter): Name = "Contributor"; Value = "thulasikrishna"; VariantName = "[No Variations]"
Add component (AddParameter): Name = "JLCPCB Part Class"; Value = "Extended Part"; VariantName = "[No Variations]"
Add component (AddParameter): Name = "Manufacturer"; Value = "Cixi Kefa Elec"; VariantName = "[No Variations]"
Add component (AddParameter): Name = "Manufacturer Part"; Value = "KF126-5.0-3P"; VariantName = "[No Variations]"
Add component (AddParameter): Name = "spicePre"; Value = "U"; VariantName = "[No Variations]"
Add component (AddParameter): Name = "spiceSymbolName"; Value = "KF126-5.0-3P"; VariantName = "[No Variations]"
Add component (AddParameter): Name = "Supplier"; Value = "LCSC"; VariantName = "[No Variations]"
Add component (AddParameter): Name = "Supplier Part"; Value = "C474901"; VariantName = "[No Variations]"
Added Pin To Net: NetName=UWB_MISO Pin=BRO15-1
Added Pin To Net: NetName=UWB_MISO Pin=J1-27
Added Net: Name=UWB_MISO
Added Pin To Net: NetName=UWB_MOSI Pin=BRO15-2
Added Pin To Net: NetName=UWB_MOSI Pin=J1-28
Added Net: Name=UWB_MOSI
Added Pin To Net: NetName=UWB_PB3 Pin=BRO_13-1
Added Pin To Net: NetName=UWB_PB3 Pin=J1-10
Added Net: Name=UWB_PB3
Added Pin To Net: NetName=UWB_PB4 Pin=BRO_13-2
Added Pin To Net: NetName=UWB_PB4 Pin=J1-11
Added Net: Name=UWB_PB4
Added Pin To Net: NetName=UWB_PB5 Pin=BRO_13-3
Added Pin To Net: NetName=UWB_PB5 Pin=J1-12
Added Net: Name=UWB_PB5
Added Pin To Net: NetName=UWB_SCL Pin=BRO14-2
Added Pin To Net: NetName=UWB_SCL Pin=J1-16
Added Net: Name=UWB_SCL
Added Pin To Net: NetName=UWB_SDA Pin=BRO14-1
Added Pin To Net: NetName=UWB_SDA Pin=J1-15
Added Net: Name=UWB_SDA
Added Member To Class: ClassName=Actuators_Schematic Member=Component BRO14 KF126-5.0-2P
Added Member To Class: ClassName=Actuators_Schematic Member=Component BRO15 KF126-5.0-2P
Added Member To Class: ClassName=Actuators_Schematic Member=Component BRO_13 3P-Terminal
