Change Component Footprint: Designator=J_1_20 Female Pin headers Old Footprint=FP-DF11-20DS-2DSA_06-MFG New Footprint=SMTC-SSM-110-X-DV
Change Component Footprint: Designator=J_2_20 Female Pin headers Old Footprint=FP-DF11-20DS-2DSA_06-MFG New Footprint=SMTC-SSM-110-X-DV
Change Managed Component Library Link : Designator=J_1_20 Female Pin headers Old VaultGUID=B7D15EC3-160A-466F-A46C-7801FE6295A7 New VaultGUID=B7D15EC3-160A-466F-A46C-7801FE6295A7 Old ItemGUID=8D5C76B6-351C-4C17-863F-4B6D66ECC3AB New ItemGUID=51191D97-A056-4148-AC8A-5F461F8C48B0 Old RevisionGUID=9565D6FD-39F0-45EB-A66C-31D8FA357BE8 New RevisionGUID=69C665E7-BCD6-49CE-81FC-940A8F700C90
Change Managed Component Library Link : Designator=J_2_20 Female Pin headers Old VaultGUID=B7D15EC3-160A-466F-A46C-7801FE6295A7 New VaultGUID=B7D15EC3-160A-466F-A46C-7801FE6295A7 Old ItemGUID=8D5C76B6-351C-4C17-863F-4B6D66ECC3AB New ItemGUID=51191D97-A056-4148-AC8A-5F461F8C48B0 Old RevisionGUID=9565D6FD-39F0-45EB-A66C-31D8FA357BE8 New RevisionGUID=69C665E7-BCD6-49CE-81FC-940A8F700C90
Change component parameters: Designator = "J_1_20 Female Pin headers" ("J_1_20 Female Pin headers"); Footprint = "FP-DF11-20DS-2DSA_06-MFG"; UniqueID = "\MNISVUOT" ("\MNISVUOT")
Change component parameters (AddParameter): Name = "ComponentLink1Description"; Value = "Manufacturer URL"; VariantName = "[No Variations]"
Change component parameters (AddParameter): Name = "ComponentLink1URL"; Value = "http://www.samtec.com"; VariantName = "[No Variations]"
Change component parameters (AddParameter): Name = "ComponentLink2Description"; Value = "Datasheet"; VariantName = "[No Variations]"
Change component parameters (AddParameter): Name = "ComponentLink2URL"; Value = "http://www.samtec.com/documents/webfiles/pdf/SSM_SM.PDF"; VariantName = "[No Variations]"
Change component parameters (AddParameter): Name = "ComponentLink3Description"; Value = "Package Specification"; VariantName = "[No Variations]"
Change component parameters (AddParameter): Name = "ComponentLink3URL"; Value = "http://www.samtec.com/documents/webfiles/cpdf/SSM-1XX-XXX-DV-XX-XX-X-XX-MKT.pdf"; VariantName = "[No Variations]"
Change component parameters (AddParameter): Name = "DatasheetVersion"; Value = "F-214"; VariantName = "[No Variations]"
Change component parameters (AddParameter): Name = "Manufacturer"; Value = "Samtec"; VariantName = "[No Variations]"
Change component parameters (AddParameter): Name = "Mounting Technology"; Value = "Surface Mount"; VariantName = "[No Variations]"
Change component parameters (AddParameter): Name = "Orientation"; Value = "Vertical"; VariantName = "[No Variations]"
Change component parameters (AddParameter): Name = "PackageDescription"; Value = ".100 C.L. Double Vertical SMT Socket Strip"; VariantName = "[No Variations]"
Change component parameters (AddParameter): Name = "PackageReference"; Value = "SSM-110-X-DV"; VariantName = "[No Variations]"
Change component parameters (AddParameter): Name = "PackageVersion"; Value = "AK, 3/2000"; VariantName = "[No Variations]"
Change component parameters (AddParameter): Name = "PartNumber"; Value = "SSM-110-S-DV"; VariantName = "[No Variations]"
Change component parameters (AddParameter): Name = "Pitch"; Value = "2.54 mm"; VariantName = "[No Variations]"
Change component parameters (AddParameter): Name = "RoHS"; Value = "True"; VariantName = "[No Variations]"
Change component parameters (AddParameter): Name = "Temperature Range"; Value = "-55 to 125 degC"; VariantName = "[No Variations]"
Change component parameters: Designator = "J_2_20 Female Pin headers" ("J_2_20 Female Pin headers"); Footprint = "FP-DF11-20DS-2DSA_06-MFG"; UniqueID = "\EJDNFZHX" ("\EJDNFZHX")
Change component parameters (AddParameter): Name = "ComponentLink1Description"; Value = "Manufacturer URL"; VariantName = "[No Variations]"
Change component parameters (AddParameter): Name = "ComponentLink1URL"; Value = "http://www.samtec.com"; VariantName = "[No Variations]"
Change component parameters (AddParameter): Name = "ComponentLink2Description"; Value = "Datasheet"; VariantName = "[No Variations]"
Change component parameters (AddParameter): Name = "ComponentLink2URL"; Value = "http://www.samtec.com/documents/webfiles/pdf/SSM_SM.PDF"; VariantName = "[No Variations]"
Change component parameters (AddParameter): Name = "ComponentLink3Description"; Value = "Package Specification"; VariantName = "[No Variations]"
Change component parameters (AddParameter): Name = "ComponentLink3URL"; Value = "http://www.samtec.com/documents/webfiles/cpdf/SSM-1XX-XXX-DV-XX-XX-X-XX-MKT.pdf"; VariantName = "[No Variations]"
Change component parameters (AddParameter): Name = "DatasheetVersion"; Value = "F-214"; VariantName = "[No Variations]"
Change component parameters (AddParameter): Name = "Manufacturer"; Value = "Samtec"; VariantName = "[No Variations]"
Change component parameters (AddParameter): Name = "Mounting Technology"; Value = "Surface Mount"; VariantName = "[No Variations]"
Change component parameters (AddParameter): Name = "Orientation"; Value = "Vertical"; VariantName = "[No Variations]"
Change component parameters (AddParameter): Name = "PackageDescription"; Value = ".100 C.L. Double Vertical SMT Socket Strip"; VariantName = "[No Variations]"
Change component parameters (AddParameter): Name = "PackageReference"; Value = "SSM-110-X-DV"; VariantName = "[No Variations]"
Change component parameters (AddParameter): Name = "PackageVersion"; Value = "AK, 3/2000"; VariantName = "[No Variations]"
Change component parameters (AddParameter): Name = "PartNumber"; Value = "SSM-110-S-DV"; VariantName = "[No Variations]"
Change component parameters (AddParameter): Name = "Pitch"; Value = "2.54 mm"; VariantName = "[No Variations]"
Change component parameters (AddParameter): Name = "RoHS"; Value = "True"; VariantName = "[No Variations]"
Change component parameters (AddParameter): Name = "Temperature Range"; Value = "-55 to 125 degC"; VariantName = "[No Variations]"
