Change Component Designator: OldDesignator=M_1_A NewDesignator=Motor_1_A_Phase
Change Component Designator: OldDesignator=M_1_B NewDesignator=Motor_1_B_Phase
Change Component Designator: OldDesignator=M_2_A NewDesignator=Motor_2_A_Phase
Change Component Designator: OldDesignator=M_2_B NewDesignator=Motor_2_B_Phase
Added Component: Designator=Green_LED_3.3V(KING-WP710A10QBCD_V)
Add component (AddParameter): Name = "Datasheet URL"; Value = "https://datasheet.ciiva.com/2121/wp710a10qbc-d-2121617.pdf"; VariantName = "[No Variations]"
Add component (AddParameter): Name = "Datasheet Version"; Value = "Rev. 5B, 09/2014"; VariantName = "[No Variations]"
Add component (AddParameter): Name = "Factory Pack Quantity"; Value = "500"; VariantName = "[No Variations]"
Add component (AddParameter): Name = "Forward Current"; Value = "20mA"; VariantName = "[No Variations]"
Add component (AddParameter): Name = "Forward Voltage"; Value = "3.3V"; VariantName = "[No Variations]"
Add component (AddParameter): Name = "Illumination Color"; Value = "Blue"; VariantName = "[No Variations]"
Add component (AddParameter): Name = "LED Size"; Value = "T-1"; VariantName = "[No Variations]"
Add component (AddParameter): Name = "Lens Color/Style"; Value = "WaterClear"; VariantName = "[No Variations]"
Add component (AddParameter): Name = "Lens Dimensions"; Value = "3mmx4.6mm"; VariantName = "[No Variations]"
Add component (AddParameter): Name = "Lens Shape"; Value = "Dome"; VariantName = "[No Variations]"
Add component (AddParameter): Name = "Luminous Intensity"; Value = "1600mcd"; VariantName = "[No Variations]"
Add component (AddParameter): Name = "Manufacturer"; Value = "Kingbright"; VariantName = "[No Variations]"
Add component (AddParameter): Name = "Manufacturer URL"; Value = "http://www.kingbright.com/"; VariantName = "[No Variations]"
Add component (AddParameter): Name = "Maximum Operating Temperature"; Value = "+85C"; VariantName = "[No Variations]"
Add component (AddParameter): Name = "Minimum Operating Temperature"; Value = "-40C"; VariantName = "[No Variations]"
Add component (AddParameter): Name = "Mounting Style"; Value = "ThroughHole"; VariantName = "[No Variations]"
Add component (AddParameter): Name = "Mounting Technology"; Value = "ThroughHole"; VariantName = "[No Variations]"
Add component (AddParameter): Name = "Package Description"; Value = "2-Pin Through Hole Device, Dia 3.2 mm"; VariantName = "[No Variations]"
Add component (AddParameter): Name = "Package Reference"; Value = "WP710A10QBCD"; VariantName = "[No Variations]"
Add component (AddParameter): Name = "Packaging"; Value = "Bulk"; VariantName = "[No Variations]"
Add component (AddParameter): Name = "Product Category"; Value = "StandardLEDs-ThroughHole"; VariantName = "[No Variations]"
Add component (AddParameter): Name = "RoHS"; Value = "Details"; VariantName = "[No Variations]"
Add component (AddParameter): Name = "Type"; Value = "SolidStateLEDLamp"; VariantName = "[No Variations]"
Add component (AddParameter): Name = "Viewing Angle"; Value = "20deg"; VariantName = "[No Variations]"
Add component (AddParameter): Name = "Wavelength/Color Temperature"; Value = "470nm"; VariantName = "[No Variations]"
Added Component: Designator=Green_LED_5V(KING-WP710A10QBCD_V)
Add component (AddParameter): Name = "Datasheet URL"; Value = "https://datasheet.ciiva.com/2121/wp710a10qbc-d-2121617.pdf"; VariantName = "[No Variations]"
Add component (AddParameter): Name = "Datasheet Version"; Value = "Rev. 5B, 09/2014"; VariantName = "[No Variations]"
Add component (AddParameter): Name = "Factory Pack Quantity"; Value = "500"; VariantName = "[No Variations]"
Add component (AddParameter): Name = "Forward Current"; Value = "20mA"; VariantName = "[No Variations]"
Add component (AddParameter): Name = "Forward Voltage"; Value = "3.3V"; VariantName = "[No Variations]"
Add component (AddParameter): Name = "Illumination Color"; Value = "Blue"; VariantName = "[No Variations]"
Add component (AddParameter): Name = "LED Size"; Value = "T-1"; VariantName = "[No Variations]"
Add component (AddParameter): Name = "Lens Color/Style"; Value = "WaterClear"; VariantName = "[No Variations]"
Add component (AddParameter): Name = "Lens Dimensions"; Value = "3mmx4.6mm"; VariantName = "[No Variations]"
Add component (AddParameter): Name = "Lens Shape"; Value = "Dome"; VariantName = "[No Variations]"
Add component (AddParameter): Name = "Luminous Intensity"; Value = "1600mcd"; VariantName = "[No Variations]"
Add component (AddParameter): Name = "Manufacturer"; Value = "Kingbright"; VariantName = "[No Variations]"
Add component (AddParameter): Name = "Manufacturer URL"; Value = "http://www.kingbright.com/"; VariantName = "[No Variations]"
Add component (AddParameter): Name = "Maximum Operating Temperature"; Value = "+85C"; VariantName = "[No Variations]"
Add component (AddParameter): Name = "Minimum Operating Temperature"; Value = "-40C"; VariantName = "[No Variations]"
Add component (AddParameter): Name = "Mounting Style"; Value = "ThroughHole"; VariantName = "[No Variations]"
Add component (AddParameter): Name = "Mounting Technology"; Value = "ThroughHole"; VariantName = "[No Variations]"
Add component (AddParameter): Name = "Package Description"; Value = "2-Pin Through Hole Device, Dia 3.2 mm"; VariantName = "[No Variations]"
Add component (AddParameter): Name = "Package Reference"; Value = "WP710A10QBCD"; VariantName = "[No Variations]"
Add component (AddParameter): Name = "Packaging"; Value = "Bulk"; VariantName = "[No Variations]"
Add component (AddParameter): Name = "Product Category"; Value = "StandardLEDs-ThroughHole"; VariantName = "[No Variations]"
Add component (AddParameter): Name = "RoHS"; Value = "Details"; VariantName = "[No Variations]"
Add component (AddParameter): Name = "Type"; Value = "SolidStateLEDLamp"; VariantName = "[No Variations]"
Add component (AddParameter): Name = "Viewing Angle"; Value = "20deg"; VariantName = "[No Variations]"
Add component (AddParameter): Name = "Wavelength/Color Temperature"; Value = "470nm"; VariantName = "[No Variations]"
Added Component: Designator=R6(FP-MFR-12-MFG)
Add component (AddParameter): Name = "Max Operating Temperature"; Value = "155°C"; VariantName = "[No Variations]"
Add component (AddParameter): Name = "Min Operating Temperature"; Value = "-55°C"; VariantName = "[No Variations]"
Add component (AddParameter): Name = "Packaging"; Value = "Ammo Pack"; VariantName = "[No Variations]"
Add component (AddParameter): Name = "Power Rating"; Value = "160mW"; VariantName = "[No Variations]"
Add component (AddParameter): Name = "Resistance"; Value = "10kR"; VariantName = "[No Variations]"
Add component (AddParameter): Name = "Termination"; Value = "Axial"; VariantName = "[No Variations]"
Add component (AddParameter): Name = "Tolerance"; Value = "1%"; VariantName = "[No Variations]"
Add component (AddParameter): Name = "Voltage Rating"; Value = "200V"; VariantName = "[No Variations]"
Add component (AddParameter): Name = "Voltage Rating (DC)"; Value = "200V"; VariantName = "[No Variations]"
Added Component: Designator=R7(FP-MFR-12-MFG)
Add component (AddParameter): Name = "Max Operating Temperature"; Value = "155°C"; VariantName = "[No Variations]"
Add component (AddParameter): Name = "Min Operating Temperature"; Value = "-55°C"; VariantName = "[No Variations]"
Add component (AddParameter): Name = "Packaging"; Value = "Ammo Pack"; VariantName = "[No Variations]"
Add component (AddParameter): Name = "Power Rating"; Value = "160mW"; VariantName = "[No Variations]"
Add component (AddParameter): Name = "Resistance"; Value = "10kR"; VariantName = "[No Variations]"
Add component (AddParameter): Name = "Termination"; Value = "Axial"; VariantName = "[No Variations]"
Add component (AddParameter): Name = "Tolerance"; Value = "1%"; VariantName = "[No Variations]"
Add component (AddParameter): Name = "Voltage Rating"; Value = "200V"; VariantName = "[No Variations]"
Add component (AddParameter): Name = "Voltage Rating (DC)"; Value = "200V"; VariantName = "[No Variations]"
Added Component: Designator=R8(FP-MFR-12-MFG)
Add component (AddParameter): Name = "Max Operating Temperature"; Value = "155°C"; VariantName = "[No Variations]"
Add component (AddParameter): Name = "Min Operating Temperature"; Value = "-55°C"; VariantName = "[No Variations]"
Add component (AddParameter): Name = "Packaging"; Value = "Ammo Pack"; VariantName = "[No Variations]"
Add component (AddParameter): Name = "Power Rating"; Value = "160mW"; VariantName = "[No Variations]"
Add component (AddParameter): Name = "Resistance"; Value = "10kR"; VariantName = "[No Variations]"
Add component (AddParameter): Name = "Termination"; Value = "Axial"; VariantName = "[No Variations]"
Add component (AddParameter): Name = "Tolerance"; Value = "1%"; VariantName = "[No Variations]"
Add component (AddParameter): Name = "Voltage Rating"; Value = "200V"; VariantName = "[No Variations]"
Add component (AddParameter): Name = "Voltage Rating (DC)"; Value = "200V"; VariantName = "[No Variations]"
Added Component: Designator=R9(FP-MFR-12-MFG)
Add component (AddParameter): Name = "Max Operating Temperature"; Value = "155°C"; VariantName = "[No Variations]"
Add component (AddParameter): Name = "Min Operating Temperature"; Value = "-55°C"; VariantName = "[No Variations]"
Add component (AddParameter): Name = "Packaging"; Value = "Ammo Pack"; VariantName = "[No Variations]"
Add component (AddParameter): Name = "Power Rating"; Value = "160mW"; VariantName = "[No Variations]"
Add component (AddParameter): Name = "Resistance"; Value = "10kR"; VariantName = "[No Variations]"
Add component (AddParameter): Name = "Termination"; Value = "Axial"; VariantName = "[No Variations]"
Add component (AddParameter): Name = "Tolerance"; Value = "1%"; VariantName = "[No Variations]"
Add component (AddParameter): Name = "Voltage Rating"; Value = "200V"; VariantName = "[No Variations]"
Add component (AddParameter): Name = "Voltage Rating (DC)"; Value = "200V"; VariantName = "[No Variations]"
Added Component: Designator=Red_Led_3.3V(KING-WP710A10QBCD_V)
Add component (AddParameter): Name = "Datasheet URL"; Value = "https://datasheet.ciiva.com/2121/wp710a10qbc-d-2121617.pdf"; VariantName = "[No Variations]"
Add component (AddParameter): Name = "Datasheet Version"; Value = "Rev. 5B, 09/2014"; VariantName = "[No Variations]"
Add component (AddParameter): Name = "Factory Pack Quantity"; Value = "500"; VariantName = "[No Variations]"
Add component (AddParameter): Name = "Forward Current"; Value = "20mA"; VariantName = "[No Variations]"
Add component (AddParameter): Name = "Forward Voltage"; Value = "3.3V"; VariantName = "[No Variations]"
Add component (AddParameter): Name = "Illumination Color"; Value = "Blue"; VariantName = "[No Variations]"
Add component (AddParameter): Name = "LED Size"; Value = "T-1"; VariantName = "[No Variations]"
Add component (AddParameter): Name = "Lens Color/Style"; Value = "WaterClear"; VariantName = "[No Variations]"
Add component (AddParameter): Name = "Lens Dimensions"; Value = "3mmx4.6mm"; VariantName = "[No Variations]"
Add component (AddParameter): Name = "Lens Shape"; Value = "Dome"; VariantName = "[No Variations]"
Add component (AddParameter): Name = "Luminous Intensity"; Value = "1600mcd"; VariantName = "[No Variations]"
Add component (AddParameter): Name = "Manufacturer"; Value = "Kingbright"; VariantName = "[No Variations]"
Add component (AddParameter): Name = "Manufacturer URL"; Value = "http://www.kingbright.com/"; VariantName = "[No Variations]"
Add component (AddParameter): Name = "Maximum Operating Temperature"; Value = "+85C"; VariantName = "[No Variations]"
Add component (AddParameter): Name = "Minimum Operating Temperature"; Value = "-40C"; VariantName = "[No Variations]"
Add component (AddParameter): Name = "Mounting Style"; Value = "ThroughHole"; VariantName = "[No Variations]"
Add component (AddParameter): Name = "Mounting Technology"; Value = "ThroughHole"; VariantName = "[No Variations]"
Add component (AddParameter): Name = "Package Description"; Value = "2-Pin Through Hole Device, Dia 3.2 mm"; VariantName = "[No Variations]"
Add component (AddParameter): Name = "Package Reference"; Value = "WP710A10QBCD"; VariantName = "[No Variations]"
Add component (AddParameter): Name = "Packaging"; Value = "Bulk"; VariantName = "[No Variations]"
Add component (AddParameter): Name = "Product Category"; Value = "StandardLEDs-ThroughHole"; VariantName = "[No Variations]"
Add component (AddParameter): Name = "RoHS"; Value = "Details"; VariantName = "[No Variations]"
Add component (AddParameter): Name = "Type"; Value = "SolidStateLEDLamp"; VariantName = "[No Variations]"
Add component (AddParameter): Name = "Viewing Angle"; Value = "20deg"; VariantName = "[No Variations]"
Add component (AddParameter): Name = "Wavelength/Color Temperature"; Value = "470nm"; VariantName = "[No Variations]"
Added Component: Designator=Red_Led_5V(KING-WP710A10QBCD_V)
Add component (AddParameter): Name = "Datasheet URL"; Value = "https://datasheet.ciiva.com/2121/wp710a10qbc-d-2121617.pdf"; VariantName = "[No Variations]"
Add component (AddParameter): Name = "Datasheet Version"; Value = "Rev. 5B, 09/2014"; VariantName = "[No Variations]"
Add component (AddParameter): Name = "Factory Pack Quantity"; Value = "500"; VariantName = "[No Variations]"
Add component (AddParameter): Name = "Forward Current"; Value = "20mA"; VariantName = "[No Variations]"
Add component (AddParameter): Name = "Forward Voltage"; Value = "3.3V"; VariantName = "[No Variations]"
Add component (AddParameter): Name = "Illumination Color"; Value = "Blue"; VariantName = "[No Variations]"
Add component (AddParameter): Name = "LED Size"; Value = "T-1"; VariantName = "[No Variations]"
Add component (AddParameter): Name = "Lens Color/Style"; Value = "WaterClear"; VariantName = "[No Variations]"
Add component (AddParameter): Name = "Lens Dimensions"; Value = "3mmx4.6mm"; VariantName = "[No Variations]"
Add component (AddParameter): Name = "Lens Shape"; Value = "Dome"; VariantName = "[No Variations]"
Add component (AddParameter): Name = "Luminous Intensity"; Value = "1600mcd"; VariantName = "[No Variations]"
Add component (AddParameter): Name = "Manufacturer"; Value = "Kingbright"; VariantName = "[No Variations]"
Add component (AddParameter): Name = "Manufacturer URL"; Value = "http://www.kingbright.com/"; VariantName = "[No Variations]"
Add component (AddParameter): Name = "Maximum Operating Temperature"; Value = "+85C"; VariantName = "[No Variations]"
Add component (AddParameter): Name = "Minimum Operating Temperature"; Value = "-40C"; VariantName = "[No Variations]"
Add component (AddParameter): Name = "Mounting Style"; Value = "ThroughHole"; VariantName = "[No Variations]"
Add component (AddParameter): Name = "Mounting Technology"; Value = "ThroughHole"; VariantName = "[No Variations]"
Add component (AddParameter): Name = "Package Description"; Value = "2-Pin Through Hole Device, Dia 3.2 mm"; VariantName = "[No Variations]"
Add component (AddParameter): Name = "Package Reference"; Value = "WP710A10QBCD"; VariantName = "[No Variations]"
Add component (AddParameter): Name = "Packaging"; Value = "Bulk"; VariantName = "[No Variations]"
Add component (AddParameter): Name = "Product Category"; Value = "StandardLEDs-ThroughHole"; VariantName = "[No Variations]"
Add component (AddParameter): Name = "RoHS"; Value = "Details"; VariantName = "[No Variations]"
Add component (AddParameter): Name = "Type"; Value = "SolidStateLEDLamp"; VariantName = "[No Variations]"
Add component (AddParameter): Name = "Viewing Angle"; Value = "20deg"; VariantName = "[No Variations]"
Add component (AddParameter): Name = "Wavelength/Color Temperature"; Value = "470nm"; VariantName = "[No Variations]"
Added Pin To Net: NetName=GND Pin=Green_LED_3.3V-2
Added Pin To Net: NetName=GND Pin=Green_LED_5V-2
Added Pin To Net: NetName=NetF2_2 Pin=R6-2
Added Pin To Net: NetName=5V Pin=R7-1
Added Pin To Net: NetName=3.3 V Pin=R8-2
Added Pin To Net: NetName=3.3 V Pin=R9-1
Added Pin To Net: NetName=NetF1_2 Pin=Red_Led_3.3V-1
Added Pin To Net: NetName=5V Pin=Red_Led_5V-2
Added Pin To Net: NetName=NetGreen_LED_3.3V_1 Pin=Green_LED_3.3V-1
Added Pin To Net: NetName=NetGreen_LED_3.3V_1 Pin=R8-1
Added Net: Name=NetGreen_LED_3.3V_1
Added Pin To Net: NetName=NetR6_1 Pin=R6-1
Added Pin To Net: NetName=NetR6_1 Pin=Red_Led_5V-1
Added Net: Name=NetR6_1
Added Pin To Net: NetName=NetR9_2 Pin=R9-2
Added Pin To Net: NetName=NetR9_2 Pin=Red_Led_3.3V-2
Added Net: Name=NetR9_2
Added Member To Class: ClassName=Actuators_Schematic Member=Component Green_LED_3.3V WP710A10QBC/D
Added Member To Class: ClassName=Actuators_Schematic Member=Component Green_LED_5V WP710A10QBC/D
Added Member To Class: ClassName=Actuators_Schematic Member=Component R6 1K
Added Member To Class: ClassName=Actuators_Schematic Member=Component R7 1K
Added Member To Class: ClassName=Actuators_Schematic Member=Component R8 1K
Added Member To Class: ClassName=Actuators_Schematic Member=Component R9 1K
Added Member To Class: ClassName=Actuators_Schematic Member=Component Red_Led_3.3V WP710A10QBC/D
Added Member To Class: ClassName=Actuators_Schematic Member=Component Red_Led_5V WP710A10QBC/D
