Change component parameters: Designator = "M1" ("M1"); Footprint = "1X03"; UniqueID = "\ALTWXDXH" ("\ALTWXDXH")
Change component parameters (AddParameter): Name = "Contributor"; Value = "hofteboy"; VariantName = "[No Variations]"
Change component parameters (AddParameter): Name = "Manufacturer Part"; Value = ""; VariantName = "[No Variations]"
Change component parameters (AddParameter): Name = "spicePre"; Value = "M"; VariantName = "[No Variations]"
Change component parameters (AddParameter): Name = "spiceSymbolName"; Value = "SMALL_SERVO"; VariantName = "[No Variations]"
Add Component: Footprint Not Found BNO055
Add Component: Footprint Not Found DIP 8 PIN SOCKET
Add Component: Footprint Not Found CONN-TH_P5.00_KF126-5.0-2P
Add Component: Footprint Not Found CURRENT-SENSOR-ACS712#IC
Add Component: Footprint Not Found CONN-TH_3P-P5.00_KF126-5.0-3P
Added Component: Designator=MD1(FP-NUCLEO-H755ZI-Q-MFG)
Add component (AddParameter): Name = "Automotive"; Value = "No"; VariantName = "[No Variations]"
Add component (AddParameter): Name = "Category"; Value = "UNK"; VariantName = "[No Variations]"
Add component (AddParameter): Name = "ComponentLink2Description"; Value = "Datasheet"; VariantName = "[No Variations]"
Add component (AddParameter): Name = "ComponentLink2URL"; Value = "https://www.st.com/content/ccc/resource/technical/document/user_manual/group1/38/43/51/63/1c/f7/4b/19/DM00499171/files/DM00499171.pdf/jcr:content/translations/en.DM00499171.pdf"; VariantName = "[No Variations]"
Add component (AddParameter): Name = "Device Class L1"; Value = "Integrated Circuits (ICs)"; VariantName = "[No Variations]"
Add component (AddParameter): Name = "Device Class L2"; Value = "Embedded Processors and Controllers"; VariantName = "[No Variations]"
Add component (AddParameter): Name = "Device Class L3"; Value = "unset"; VariantName = "[No Variations]"
Add component (AddParameter): Name = "Manufacturer"; Value = "STMicroelectronics"; VariantName = "[No Variations]"
Add component (AddParameter): Name = "Manufacturer Part Number"; Value = "NUCLEO-H755ZI-Q"; VariantName = "[No Variations]"
Add component (AddParameter): Name = "Max Supply Voltage"; Value = "11V"; VariantName = "[No Variations]"
Add component (AddParameter): Name = "Memory Size"; Value = "2MBytes"; VariantName = "[No Variations]"
Add component (AddParameter): Name = "Memory Type"; Value = "FLASH"; VariantName = "[No Variations]"
Add component (AddParameter): Name = "Min Supply Voltage"; Value = "3.3V"; VariantName = "[No Variations]"
Add component (AddParameter): Name = "Nominal Supply Current"; Value = "500-800mA"; VariantName = "[No Variations]"
Add component (AddParameter): Name = "Octopart"; Value = "https://octopart.com/nucleo-h755zi-q-stmicroelectronics-102859043"; VariantName = "[No Variations]"
Add component (AddParameter): Name = "Package"; Value = "0"; VariantName = "[No Variations]"
Add Component: Footprint Not Found COMM-TH_MPU6050-TH
Add Component: Footprint Not Found NUCLEO-H7
Add Component: Footprint Not Found COMM-TH_TMC2209SILENTSTEPSTICK
Add Component: Footprint Not Found VL53L1X_BREAKOUT
Add Class Member: Failed to add class member : Component BN055 BNO055 MODIFIED
Add Class Member: Failed to add class member : Component CONN_8DIP 8 PIN DIP SOCKET
Add Class Member: Failed to add class member : Component CONN KF126-5.0-2P
Add Class Member: Failed to add class member : Component CRR_SEN CURRENT-SENSOR-ACS712#IC
Add Class Member: Failed to add class member : Component LIMIT_SW Limit Switch
Added Member To Class: ClassName=Sensors_Schematic Member=Component M1 SMALL_SERVO
Added Member To Class: ClassName=STM32H755_Breakout_Schematic Member=Component MD1 NUCLEO-H755ZI-Q
Add Class Member: Failed to add class member : Component MPU6050 MPU6050-TH COPY
Add Class Member: Failed to add class member : Component NUC-H? NUCLEO-H755ZI-ZIO
Add Class Member: Failed to add class member : Component TMC TMC2209 Socket
Add Class Member: Failed to add class member : Component VL VL53L1X_BREAKOUT COPY
