Removed Member From Class: ClassName=STM32H755_Breakout_Schematic Member=BNO055
Removed Member From Class: ClassName=Sensors_Schematic Member=U1
Change Component Designator: OldDesignator=CONN NewDesignator=5V_in
Change Component Designator: OldDesignator=CONN_8DIP NewDesignator=MCP2551_8DIP
Change Component Designator: OldDesignator=LIMIT_SW NewDesignator=LIMIT_SW1
Change Component Designator: OldDesignator=TMC NewDesignator=TMC1
Added Component: Designator=3.3V_O/P(CONN-TH_P5.00_KF126-5.0-2P)
Add component (AddParameter): Name = "Contributor"; Value = "LCSC"; VariantName = "[No Variations]"
Add component (AddParameter): Name = "Manufacturer"; Value = "Cixi Kefa Elec"; VariantName = "[No Variations]"
Add component (AddParameter): Name = "Manufacturer Part"; Value = "KF126-5.0-2P"; VariantName = "[No Variations]"
Add component (AddParameter): Name = "spicePre"; Value = "P"; VariantName = "[No Variations]"
Add component (AddParameter): Name = "spiceSymbolName"; Value = "KF126-5.0-2P"; VariantName = "[No Variations]"
Add component (AddParameter): Name = "Supplier"; Value = "LCSC"; VariantName = "[No Variations]"
Add component (AddParameter): Name = "Supplier Part"; Value = "C474900"; VariantName = "[No Variations]"
Added Component: Designator=3P-Terminal-1(CONN-TH_3P-P5.00_KF126-5.0-3P)
Add component (AddParameter): Name = "Contributor"; Value = "thulasikrishna"; VariantName = "[No Variations]"
Add component (AddParameter): Name = "JLCPCB Part Class"; Value = "Extended Part"; VariantName = "[No Variations]"
Add component (AddParameter): Name = "Manufacturer"; Value = "Cixi Kefa Elec"; VariantName = "[No Variations]"
Add component (AddParameter): Name = "Manufacturer Part"; Value = "KF126-5.0-3P"; VariantName = "[No Variations]"
Add component (AddParameter): Name = "spicePre"; Value = "U"; VariantName = "[No Variations]"
Add component (AddParameter): Name = "spiceSymbolName"; Value = "KF126-5.0-3P"; VariantName = "[No Variations]"
Add component (AddParameter): Name = "Supplier"; Value = "LCSC"; VariantName = "[No Variations]"
Add component (AddParameter): Name = "Supplier Part"; Value = "C474901"; VariantName = "[No Variations]"
Added Component: Designator=3P-Terminal-2(CONN-TH_3P-P5.00_KF126-5.0-3P)
Add component (AddParameter): Name = "Contributor"; Value = "thulasikrishna"; VariantName = "[No Variations]"
Add component (AddParameter): Name = "JLCPCB Part Class"; Value = "Extended Part"; VariantName = "[No Variations]"
Add component (AddParameter): Name = "Manufacturer"; Value = "Cixi Kefa Elec"; VariantName = "[No Variations]"
Add component (AddParameter): Name = "Manufacturer Part"; Value = "KF126-5.0-3P"; VariantName = "[No Variations]"
Add component (AddParameter): Name = "spicePre"; Value = "U"; VariantName = "[No Variations]"
Add component (AddParameter): Name = "spiceSymbolName"; Value = "KF126-5.0-3P"; VariantName = "[No Variations]"
Add component (AddParameter): Name = "Supplier"; Value = "LCSC"; VariantName = "[No Variations]"
Add component (AddParameter): Name = "Supplier Part"; Value = "C474901"; VariantName = "[No Variations]"
Added Component: Designator=3P-Terminal-3(CONN-TH_3P-P5.00_KF126-5.0-3P)
Add component (AddParameter): Name = "Contributor"; Value = "thulasikrishna"; VariantName = "[No Variations]"
Add component (AddParameter): Name = "JLCPCB Part Class"; Value = "Extended Part"; VariantName = "[No Variations]"
Add component (AddParameter): Name = "Manufacturer"; Value = "Cixi Kefa Elec"; VariantName = "[No Variations]"
Add component (AddParameter): Name = "Manufacturer Part"; Value = "KF126-5.0-3P"; VariantName = "[No Variations]"
Add component (AddParameter): Name = "spicePre"; Value = "U"; VariantName = "[No Variations]"
Add component (AddParameter): Name = "spiceSymbolName"; Value = "KF126-5.0-3P"; VariantName = "[No Variations]"
Add component (AddParameter): Name = "Supplier"; Value = "LCSC"; VariantName = "[No Variations]"
Add component (AddParameter): Name = "Supplier Part"; Value = "C474901"; VariantName = "[No Variations]"
Added Component: Designator=BNO0(BNO055)
Add component (AddParameter): Name = "Contributor"; Value = "abdussamet28051999"; VariantName = "[No Variations]"
Add component (AddParameter): Name = "link"; Value = ""; VariantName = "[No Variations]"
Add component (AddParameter): Name = "Manufacturer"; Value = ""; VariantName = "[No Variations]"
Add component (AddParameter): Name = "Manufacturer Part"; Value = ""; VariantName = "[No Variations]"
Add component (AddParameter): Name = "spicePre"; Value = "U"; VariantName = "[No Variations]"
Add component (AddParameter): Name = "spiceSymbolName"; Value = "BNO055 MODIFIED"; VariantName = "[No Variations]"
Add component (AddParameter): Name = "Supplier"; Value = ""; VariantName = "[No Variations]"
Add component (AddParameter): Name = "Supplier Part"; Value = ""; VariantName = "[No Variations]"
Added Component: Designator=Power_Encoder(CONN-TH_P5.00_KF126-5.0-2P)
Add component (AddParameter): Name = "Contributor"; Value = "LCSC"; VariantName = "[No Variations]"
Add component (AddParameter): Name = "Manufacturer"; Value = "Cixi Kefa Elec"; VariantName = "[No Variations]"
Add component (AddParameter): Name = "Manufacturer Part"; Value = "KF126-5.0-2P"; VariantName = "[No Variations]"
Add component (AddParameter): Name = "spicePre"; Value = "P"; VariantName = "[No Variations]"
Add component (AddParameter): Name = "spiceSymbolName"; Value = "KF126-5.0-2P"; VariantName = "[No Variations]"
Add component (AddParameter): Name = "Supplier"; Value = "LCSC"; VariantName = "[No Variations]"
Add component (AddParameter): Name = "Supplier Part"; Value = "C474900"; VariantName = "[No Variations]"
Added Component: Designator=TMC2(COMM-TH_TMC2209SILENTSTEPSTICK)
Add component (AddParameter): Name = "Contributor"; Value = "plcis"; VariantName = "[No Variations]"
Add component (AddParameter): Name = "JLCPCB Part Class"; Value = "Extended Part"; VariantName = "[No Variations]"
Add component (AddParameter): Name = "Manufacturer"; Value = "TRINAMIC"; VariantName = "[No Variations]"
Add component (AddParameter): Name = "Manufacturer Part"; Value = "TMC2209 Socket"; VariantName = "[No Variations]"
Add component (AddParameter): Name = "spicePre"; Value = "U"; VariantName = "[No Variations]"
Add component (AddParameter): Name = "spiceSymbolName"; Value = "TMC2209 Socket"; VariantName = "[No Variations]"
Add component (AddParameter): Name = "Supplier"; Value = "LCSC"; VariantName = "[No Variations]"
Add component (AddParameter): Name = "Supplier Part"; Value = "C17375345"; VariantName = "[No Variations]"
Added Pin To Net: NetName=3.3 V Pin=1-NUC-H7-151
Added Pin To Net: NetName=3.3 V Pin=3.3V_O/P-1
Added Pin To Net: NetName=3.3 V Pin=BNO0-3vo
Added Pin To Net: NetName=3.3 V Pin=MPU6050-6
Added Pin To Net: NetName=3.3 V Pin=VL BL-6
Added Pin To Net: NetName=3.3 V Pin=VL BR-6
Added Pin To Net: NetName=3.3 V Pin=VL FL-6
Added Pin To Net: NetName=3.3 V Pin=VL FR-6
Added Net: Name=3.3 V
Added Pin To Net: NetName=5V Pin=5V_in-1
Added Pin To Net: NetName=5V Pin=CRR_SEN-1
Added Pin To Net: NetName=5V Pin=M1-2
Added Pin To Net: NetName=5V Pin=MCP2551_8DIP-3
Added Pin To Net: NetName=5V Pin=Power_Encoder-1
Added Net: Name=5V
Added Pin To Net: NetName=GND Pin=1-NUC-H7-155
Added Pin To Net: NetName=GND Pin=3.3V_O/P-2
Added Pin To Net: NetName=GND Pin=BNO0-GND
Added Pin To Net: NetName=GND Pin=CRR_SEN-3
Added Pin To Net: NetName=GND Pin=LIMIT_SW1-3
Added Pin To Net: NetName=GND Pin=M1-3
Added Pin To Net: NetName=GND Pin=MCP2551_8DIP-2
Added Pin To Net: NetName=GND Pin=MPU6050-5
Added Pin To Net: NetName=GND Pin=Power_Encoder-2
Added Pin To Net: NetName=GND Pin=TMC1-1
Added Pin To Net: NetName=GND Pin=TMC1-7
Added Pin To Net: NetName=GND Pin=TMC2-1
Added Pin To Net: NetName=GND Pin=TMC2-7
Added Pin To Net: NetName=GND Pin=VL BL-5
Added Pin To Net: NetName=GND Pin=VL BR-5
Added Pin To Net: NetName=GND Pin=VL FL-5
Added Pin To Net: NetName=GND Pin=VL FR-5
Added Net: Name=GND
Added Class: Name=Actuators_Schematic
Added Member To Class: ClassName=Sensors_Schematic Member=Component 3.3V_O/P KF126-5.0-2P
Added Member To Class: ClassName=Sensors_Schematic Member=Component BNO0 BNO055 MODIFIED
Added Member To Class: ClassName=Sensors_Schematic Member=Component Power_Encoder KF126-5.0-2P
Added Member To Class: ClassName=Sensors_Schematic Member=Component TMC2 TMC2209 Socket
