Added Pin To Net: NetName=3.3 V Pin=3.3V_O/P-1
Added Pin To Net: NetName=3.3 V Pin=3.3V_O/P-2
Added Pin To Net: NetName=3.3 V Pin=3.3V_O/P-3
Added Pin To Net: NetName=3.3 V Pin=3.3V_O/P_1-1
Added Pin To Net: NetName=3.3 V Pin=F1-1
Added Pin To Net: NetName=3.3 V Pin=Phases Encoder-3
Added Pin To Net: NetName=3.3 V Pin=R1-1
Added Pin To Net: NetName=3.3 V Pin=R3-1
Added Pin To Net: NetName=3.3 V Pin=R4-1
Added Pin To Net: NetName=3.3 V Pin=R5-1
Added Pin To Net: NetName=3.3 V Pin=SW_SPRD_TMC-3
Added Pin To Net: NetName=3.3 V Pin=TMC1-2
Added Pin To Net: NetName=3.3 V Pin=U1-1
Added Pin To Net: NetName=3.3 V Pin=VL BL-6
Added Pin To Net: NetName=3.3 V Pin=VL BR-6
Added Pin To Net: NetName=3.3 V Pin=VL FL-6
Added Pin To Net: NetName=3.3 V Pin=VL FR-6
Added Net: Name=3.3 V
Added Pin To Net: NetName=5V Pin=CRR_SEN-1
Added Pin To Net: NetName=5V Pin=F2-1
Added Pin To Net: NetName=5V Pin=MCP2551_1-3
Added Pin To Net: NetName=5V Pin=Power_Encoder-1
Added Pin To Net: NetName=5V Pin=Servo_Motor-2
Added Pin To Net: NetName=5V Pin=SW_Power_STMH7-1
Added Pin To Net: NetName=5V Pin=SW_Power_UWB-1
Added Net: Name=5V
Added Pin To Net: NetName=12V Pin=C1-2
Added Pin To Net: NetName=12V Pin=TMC1-8
Added Net: Name=12V
Added Pin To Net: NetName=ADC_CURRENT_SENSOR Pin=Actuators-NUC-H7-161
Added Pin To Net: NetName=ADC_CURRENT_SENSOR Pin=CRR_SEN-2
Added Net: Name=ADC_CURRENT_SENSOR
Added Pin To Net: NetName=CAN1_RX Pin=J1-14
Added Pin To Net: NetName=CAN1_RX Pin=MCP2551_1-4
Added Net: Name=CAN1_RX
Added Pin To Net: NetName=CAN1_TX Pin=J1-13
Added Pin To Net: NetName=CAN1_TX Pin=MCP2551_1-1
Added Net: Name=CAN1_TX
Added Pin To Net: NetName=DAC Pin=Actuators-NUC-H7-207
Added Pin To Net: NetName=DAC Pin=DAC-1
Added Net: Name=DAC
Added Pin To Net: NetName=Encoder A Pin=Actuators-NUC-H7-202
Added Pin To Net: NetName=Encoder A Pin=Phases Encoder-1
Added Net: Name=Encoder A
Added Pin To Net: NetName=Encoder B Pin=Actuators-NUC-H7-201
Added Pin To Net: NetName=Encoder B Pin=Phases Encoder-2
Added Net: Name=Encoder B
Added Pin To Net: NetName=GND Pin=3.3V_in-2
Added Pin To Net: NetName=GND Pin=3.3V_O/P_1-2
Added Pin To Net: NetName=GND Pin=5V-2
Added Pin To Net: NetName=GND Pin=Actuators-NUC-H7-155
Added Pin To Net: NetName=GND Pin=Actuators-NUC-H7-157
Added Pin To Net: NetName=GND Pin=Actuators-NUC-H7-172
Added Pin To Net: NetName=GND Pin=Actuators-NUC-H7-183
Added Pin To Net: NetName=GND Pin=Actuators-NUC-H7-198
Added Pin To Net: NetName=GND Pin=C1-1
Added Pin To Net: NetName=GND Pin=CRR_SEN-3
Added Pin To Net: NetName=GND Pin=DAC-2
Added Pin To Net: NetName=GND Pin=GND_O/P-1
Added Pin To Net: NetName=GND Pin=GND_O/P-2
Added Pin To Net: NetName=GND Pin=GND_O/P-3
Added Pin To Net: NetName=GND Pin=H-Bridge_lifitng-3
Added Pin To Net: NetName=GND Pin=J1-18
Added Pin To Net: NetName=GND Pin=J1-38
Added Pin To Net: NetName=GND Pin=LIMIT_SW1-2
Added Pin To Net: NetName=GND Pin=LIMIT_SW2-2
Added Pin To Net: NetName=GND Pin=LIMIT_SW3-2
Added Pin To Net: NetName=GND Pin=LIMIT_SW4-2
Added Pin To Net: NetName=GND Pin=MCP2551_1-2
Added Pin To Net: NetName=GND Pin=Power_Encoder-2
Added Pin To Net: NetName=GND Pin=Servo_Motor-3
Added Pin To Net: NetName=GND Pin=SW_SPRD_TMC-1
Added Pin To Net: NetName=GND Pin=TMC1-1
Added Pin To Net: NetName=GND Pin=TMC1-7
Added Pin To Net: NetName=GND Pin=TMC1-14
Added Pin To Net: NetName=GND Pin=TMC1-15
Added Pin To Net: NetName=GND Pin=U1-2
Added Pin To Net: NetName=GND Pin=U1-6
Added Pin To Net: NetName=GND Pin=U1-7
Added Pin To Net: NetName=GND Pin=U1-8
Added Pin To Net: NetName=GND Pin=VL BL-5
Added Pin To Net: NetName=GND Pin=VL BR-5
Added Pin To Net: NetName=GND Pin=VL FL-5
Added Pin To Net: NetName=GND Pin=VL FR-5
Added Net: Name=GND
Added Pin To Net: NetName=I2C_0_SCL Pin=Actuators-NUC-H7-224
Added Pin To Net: NetName=I2C_0_SCL Pin=U1-3
Added Net: Name=I2C_0_SCL
Added Pin To Net: NetName=I2C_0_SDA Pin=Actuators-NUC-H7-226
Added Pin To Net: NetName=I2C_0_SDA Pin=U1-4
Added Net: Name=I2C_0_SDA
Added Pin To Net: NetName=I2C_1_SCL Pin=U1-10
Added Pin To Net: NetName=I2C_1_SCL Pin=VL FR-3
Added Net: Name=I2C_1_SCL
Added Pin To Net: NetName=I2C_1_SDA Pin=U1-9
Added Pin To Net: NetName=I2C_1_SDA Pin=VL FR-4
Added Net: Name=I2C_1_SDA
Added Pin To Net: NetName=I2C_2_SCL Pin=U1-12
Added Pin To Net: NetName=I2C_2_SCL Pin=VL FL-3
Added Net: Name=I2C_2_SCL
Added Pin To Net: NetName=I2C_2_SDA Pin=U1-11
Added Pin To Net: NetName=I2C_2_SDA Pin=VL FL-4
Added Net: Name=I2C_2_SDA
Added Pin To Net: NetName=I2C_3_SCL Pin=U1-14
Added Pin To Net: NetName=I2C_3_SCL Pin=VL BR-3
Added Net: Name=I2C_3_SCL
Added Pin To Net: NetName=I2C_3_SDA Pin=U1-13
Added Pin To Net: NetName=I2C_3_SDA Pin=VL BR-4
Added Net: Name=I2C_3_SDA
Added Pin To Net: NetName=I2C_4_SCL Pin=U1-16
Added Pin To Net: NetName=I2C_4_SCL Pin=VL BL-3
Added Net: Name=I2C_4_SCL
Added Pin To Net: NetName=I2C_4_SDA Pin=U1-15
Added Pin To Net: NetName=I2C_4_SDA Pin=VL BL-4
Added Net: Name=I2C_4_SDA
Added Pin To Net: NetName=Lifting_DIR_Pin Pin=Actuators-NUC-H7-167
Added Pin To Net: NetName=Lifting_DIR_Pin Pin=H-Bridge_lifitng-1
Added Net: Name=Lifting_DIR_Pin
Added Pin To Net: NetName=Lifting_PWM_Pin Pin=Actuators-NUC-H7-175
Added Pin To Net: NetName=Lifting_PWM_Pin Pin=H-Bridge_lifitng-2
Added Net: Name=Lifting_PWM_Pin
Added Pin To Net: NetName=LM1_PIN Pin=Actuators-NUC-H7-206
Added Pin To Net: NetName=LM1_PIN Pin=LIMIT_SW1-1
Added Pin To Net: NetName=LM1_PIN Pin=R1-2
Added Net: Name=LM1_PIN
Added Pin To Net: NetName=LM2_PIN Pin=Actuators-NUC-H7-204
Added Pin To Net: NetName=LM2_PIN Pin=LIMIT_SW2-1
Added Pin To Net: NetName=LM2_PIN Pin=R3-2
Added Net: Name=LM2_PIN
Added Pin To Net: NetName=LM3_PIN Pin=Actuators-NUC-H7-194
Added Pin To Net: NetName=LM3_PIN Pin=LIMIT_SW3-1
Added Pin To Net: NetName=LM3_PIN Pin=R4-2
Added Net: Name=LM3_PIN
Added Pin To Net: NetName=LM4_PIN Pin=Actuators-NUC-H7-192
Added Pin To Net: NetName=LM4_PIN Pin=LIMIT_SW4-1
Added Pin To Net: NetName=LM4_PIN Pin=R5-2
Added Net: Name=LM4_PIN
Added Pin To Net: NetName=MOTOR_CCW_Pin Pin=Actuators-NUC-H7-169
Added Pin To Net: NetName=MOTOR_CCW_Pin Pin=Brake_Motor-2
Added Net: Name=MOTOR_CCW_Pin
Added Pin To Net: NetName=MOTOR_CW_Pin Pin=Actuators-NUC-H7-163
Added Pin To Net: NetName=MOTOR_CW_Pin Pin=Brake_Motor-1
Added Net: Name=MOTOR_CW_Pin
Added Pin To Net: NetName=Net3.3V_in_1 Pin=3.3V_in-1
Added Pin To Net: NetName=Net3.3V_in_1 Pin=SW_Main_Power_3.3V-3
Added Net: Name=Net3.3V_in_1
Added Pin To Net: NetName=Net5V_1 Pin=5V-1
Added Pin To Net: NetName=Net5V_1 Pin=SW_Main_Power_5V-3
Added Net: Name=Net5V_1
Added Pin To Net: NetName=NetActuators-NUC-H7_159 Pin=Actuators-NUC-H7-159
Added Pin To Net: NetName=NetActuators-NUC-H7_159 Pin=SW_Power_STMH7-2
Added Net: Name=NetActuators-NUC-H7_159
Added Pin To Net: NetName=NetActuators-NUC-H7_166 Pin=Actuators-NUC-H7-166
Added Pin To Net: NetName=NetActuators-NUC-H7_166 Pin=R2-2
Added Net: Name=NetActuators-NUC-H7_166
Added Pin To Net: NetName=NetCANH/L0_1 Pin=CANH/L0-1
Added Pin To Net: NetName=NetCANH/L0_1 Pin=CANH/L_High_Level-1
Added Pin To Net: NetName=NetCANH/L0_1 Pin=CANH/L_OD_1-1
Added Pin To Net: NetName=NetCANH/L0_1 Pin=CANH/L_OD_2-1
Added Pin To Net: NetName=NetCANH/L0_1 Pin=MCP2551_1-7
Added Net: Name=NetCANH/L0_1
Added Pin To Net: NetName=NetCANH/L0_2 Pin=CANH/L0-2
Added Pin To Net: NetName=NetCANH/L0_2 Pin=CANH/L_High_Level-2
Added Pin To Net: NetName=NetCANH/L0_2 Pin=CANH/L_OD_1-2
Added Pin To Net: NetName=NetCANH/L0_2 Pin=CANH/L_OD_2-2
Added Pin To Net: NetName=NetCANH/L0_2 Pin=MCP2551_1-6
Added Net: Name=NetCANH/L0_2
Added Pin To Net: NetName=NetF1_2 Pin=F1-2
Added Pin To Net: NetName=NetF1_2 Pin=SW_Main_Power_3.3V-2
Added Net: Name=NetF1_2
Added Pin To Net: NetName=NetF2_2 Pin=F2-2
Added Pin To Net: NetName=NetF2_2 Pin=SW_Main_Power_5V-2
Added Net: Name=NetF2_2
Added Pin To Net: NetName=NetJ1_20 Pin=J1-20
Added Pin To Net: NetName=NetJ1_20 Pin=SW_Power_UWB-2
Added Net: Name=NetJ1_20
Added Pin To Net: NetName=NetMotor_1_A_Phase_1 Pin=Motor_1_A_Phase-1
Added Pin To Net: NetName=NetMotor_1_A_Phase_1 Pin=TMC1-5
Added Net: Name=NetMotor_1_A_Phase_1
Added Pin To Net: NetName=NetMotor_1_A_Phase_2 Pin=Motor_1_A_Phase-2
Added Pin To Net: NetName=NetMotor_1_A_Phase_2 Pin=Motor_2_A_Phase-1
Added Net: Name=NetMotor_1_A_Phase_2
Added Pin To Net: NetName=NetMotor_1_B_Phase_1 Pin=Motor_1_B_Phase-1
Added Pin To Net: NetName=NetMotor_1_B_Phase_1 Pin=TMC1-4
Added Net: Name=NetMotor_1_B_Phase_1
Added Pin To Net: NetName=NetMotor_1_B_Phase_2 Pin=Motor_1_B_Phase-2
Added Pin To Net: NetName=NetMotor_1_B_Phase_2 Pin=Motor_2_B_Phase-1
Added Net: Name=NetMotor_1_B_Phase_2
Added Pin To Net: NetName=NetMotor_2_A_Phase_2 Pin=Motor_2_A_Phase-2
Added Pin To Net: NetName=NetMotor_2_A_Phase_2 Pin=TMC1-6
Added Net: Name=NetMotor_2_A_Phase_2
Added Pin To Net: NetName=NetMotor_2_B_Phase_2 Pin=Motor_2_B_Phase-2
Added Pin To Net: NetName=NetMotor_2_B_Phase_2 Pin=TMC1-3
Added Net: Name=NetMotor_2_B_Phase_2
Added Pin To Net: NetName=NetSW_SPRD_TMC_2 Pin=SW_SPRD_TMC-2
Added Pin To Net: NetName=NetSW_SPRD_TMC_2 Pin=TMC1-13
Added Net: Name=NetSW_SPRD_TMC_2
Added Pin To Net: NetName=PA0 Pin=Actuators-NUC-H7-239
Added Pin To Net: NetName=PA0 Pin=BRO_6-3
Added Net: Name=PA0
Added Pin To Net: NetName=PA2 Pin=Actuators-NUC-H7-221
Added Pin To Net: NetName=PA2 Pin=BRO_4-2
Added Net: Name=PA2
Added Pin To Net: NetName=PA8 Pin=Actuators-NUC-H7-214
Added Pin To Net: NetName=PA8 Pin=BRO_10-1
Added Net: Name=PA8
Added Pin To Net: NetName=PB0 Pin=Actuators-NUC-H7-241
Added Pin To Net: NetName=PB0 Pin=BRO_12-1
Added Net: Name=PB0
Added Pin To Net: NetName=PB2 Pin=Actuators-NUC-H7-225
Added Pin To Net: NetName=PB2 Pin=BRO_5-1
Added Net: Name=PB2
Added Pin To Net: NetName=PB10 Pin=Actuators-NUC-H7-242
Added Pin To Net: NetName=PB10 Pin=BRO_7-2
Added Net: Name=PB10
Added Pin To Net: NetName=PB11 Pin=Actuators-NUC-H7-244
Added Pin To Net: NetName=PB11 Pin=BRO_7-1
Added Net: Name=PB11
Added Pin To Net: NetName=PD2 Pin=Actuators-NUC-H7-156
Added Pin To Net: NetName=PD2 Pin=BRO_1-1
Added Net: Name=PD2
Added Pin To Net: NetName=PD11 Pin=Actuators-NUC-H7-233
Added Pin To Net: NetName=PD11 Pin=BRO_6-1
Added Net: Name=PD11
Added Pin To Net: NetName=PD12 Pin=Actuators-NUC-H7-231
Added Pin To Net: NetName=PD12 Pin=BRO_5-3
Added Net: Name=PD12
Added Pin To Net: NetName=PD13 Pin=Actuators-NUC-H7-229
Added Pin To Net: NetName=PD13 Pin=BRO_5-2
Added Net: Name=PD13
Added Pin To Net: NetName=PD15 Pin=Actuators-NUC-H7-208
Added Pin To Net: NetName=PD15 Pin=BRO_11-3
Added Net: Name=PD15
Added Pin To Net: NetName=PE0 Pin=Actuators-NUC-H7-243
Added Pin To Net: NetName=PE0 Pin=BRO_12-2
Added Net: Name=PE0
Added Pin To Net: NetName=PE2 Pin=Actuators-NUC-H7-235
Added Pin To Net: NetName=PE2 Pin=BRO_6-2
Added Net: Name=PE2
Added Pin To Net: NetName=PE3 Pin=Actuators-NUC-H7-182
Added Pin To Net: NetName=PE3 Pin=BRO_3-1
Added Net: Name=PE3
Added Pin To Net: NetName=PE4 Pin=Actuators-NUC-H7-176
Added Pin To Net: NetName=PE4 Pin=BRO_2-1
Added Net: Name=PE4
Added Pin To Net: NetName=PE5 Pin=Actuators-NUC-H7-178
Added Pin To Net: NetName=PE5 Pin=BRO_2-2
Added Net: Name=PE5
Added Pin To Net: NetName=PE6 Pin=Actuators-NUC-H7-180
Added Pin To Net: NetName=PE6 Pin=BRO_2-3
Added Net: Name=PE6
Added Pin To Net: NetName=PE7 Pin=Actuators-NUC-H7-230
Added Pin To Net: NetName=PE7 Pin=BRO_8-1
Added Net: Name=PE7
Added Pin To Net: NetName=PE8 Pin=Actuators-NUC-H7-228
Added Pin To Net: NetName=PE8 Pin=BRO_9-3
Added Net: Name=PE8
Added Pin To Net: NetName=PE10 Pin=Actuators-NUC-H7-234
Added Pin To Net: NetName=PE10 Pin=BRO_8-2
Added Net: Name=PE10
Added Pin To Net: NetName=PE11 Pin=Actuators-NUC-H7-216
Added Pin To Net: NetName=PE11 Pin=BRO_10-2
Added Net: Name=PE11
Added Pin To Net: NetName=PE12 Pin=Actuators-NUC-H7-236
Added Pin To Net: NetName=PE12 Pin=BRO_8-3
Added Net: Name=PE12
Added Pin To Net: NetName=PE13 Pin=Actuators-NUC-H7-220
Added Pin To Net: NetName=PE13 Pin=BRO_9-1
Added Net: Name=PE13
Added Pin To Net: NetName=PE14 Pin=Actuators-NUC-H7-218
Added Pin To Net: NetName=PE14 Pin=BRO_10-3
Added Net: Name=PE14
Added Pin To Net: NetName=PE15 Pin=Actuators-NUC-H7-240
Added Pin To Net: NetName=PE15 Pin=BRO_7-3
Added Net: Name=PE15
Added Pin To Net: NetName=PF7 Pin=Actuators-NUC-H7-186
Added Pin To Net: NetName=PF7 Pin=BRO_3-3
Added Net: Name=PF7
Added Pin To Net: NetName=PF8 Pin=Actuators-NUC-H7-184
Added Pin To Net: NetName=PF8 Pin=BRO_3-2
Added Net: Name=PF8
Added Pin To Net: NetName=PF10 Pin=Actuators-NUC-H7-219
Added Pin To Net: NetName=PF10 Pin=BRO_4-1
Added Net: Name=PF10
Added Pin To Net: NetName=PG6 Pin=Actuators-NUC-H7-223
Added Pin To Net: NetName=PG6 Pin=BRO_4-3
Added Net: Name=PG6
Added Pin To Net: NetName=PG8 Pin=Actuators-NUC-H7-160
Added Pin To Net: NetName=PG8 Pin=BRO_1-3
Added Net: Name=PG8
Added Pin To Net: NetName=PG9 Pin=Actuators-NUC-H7-210
Added Pin To Net: NetName=PG9 Pin=BRO_11-2
Added Net: Name=PG9
Added Pin To Net: NetName=PG10 Pin=Actuators-NUC-H7-158
Added Pin To Net: NetName=PG10 Pin=BRO_1-2
Added Net: Name=PG10
Added Pin To Net: NetName=PG12 Pin=Actuators-NUC-H7-212
Added Pin To Net: NetName=PG12 Pin=BRO_11-1
Added Net: Name=PG12
Added Pin To Net: NetName=Servo Pin=Actuators-NUC-H7-191
Added Pin To Net: NetName=Servo Pin=Servo_Motor-1
Added Net: Name=Servo
Added Pin To Net: NetName=TMC_Dir Pin=Actuators-NUC-H7-203
Added Pin To Net: NetName=TMC_Dir Pin=TMC1-9
Added Net: Name=TMC_Dir
Added Pin To Net: NetName=TMC_EN Pin=Actuators-NUC-H7-154
Added Pin To Net: NetName=TMC_EN Pin=TMC1-16
Added Net: Name=TMC_EN
Added Pin To Net: NetName=TMC_Step Pin=Actuators-NUC-H7-209
Added Pin To Net: NetName=TMC_Step Pin=TMC1-10
Added Net: Name=TMC_Step
Added Pin To Net: NetName=TMC_UART Pin=Actuators-NUC-H7-164
Added Pin To Net: NetName=TMC_UART Pin=R2-1
Added Pin To Net: NetName=TMC_UART Pin=TMC1-12
Added Net: Name=TMC_UART
Added Class: Name=Actuators_Schematic
Added Class: Name=Sensors_Schematic
Added Class: Name=STM32H755_Breakout_Schematic
