Change Component Designator: OldDesignator=G_LED_5V NewDesignator=Green_LED_5V
Added Component: Designator=12V(CONN-TH_P5.00_KF126-5.0-2P)
Add component (AddParameter): Name = "Contributor"; Value = "LCSC"; VariantName = "[No Variations]"
Add component (AddParameter): Name = "Manufacturer"; Value = "Cixi Kefa Elec"; VariantName = "[No Variations]"
Add component (AddParameter): Name = "Manufacturer Part"; Value = "KF126-5.0-2P"; VariantName = "[No Variations]"
Add component (AddParameter): Name = "spicePre"; Value = "P"; VariantName = "[No Variations]"
Add component (AddParameter): Name = "spiceSymbolName"; Value = "KF126-5.0-2P"; VariantName = "[No Variations]"
Add component (AddParameter): Name = "Supplier"; Value = "LCSC"; VariantName = "[No Variations]"
Add component (AddParameter): Name = "Supplier Part"; Value = "C474900"; VariantName = "[No Variations]"
Added Component: Designator=Current_Sensor?(CONN-TH_3P-P5.00_KF126-5.0-3P)
Add component (AddParameter): Name = "Contributor"; Value = "thulasikrishna"; VariantName = "[No Variations]"
Add component (AddParameter): Name = "JLCPCB Part Class"; Value = "Extended Part"; VariantName = "[No Variations]"
Add component (AddParameter): Name = "Manufacturer"; Value = "Cixi Kefa Elec"; VariantName = "[No Variations]"
Add component (AddParameter): Name = "Manufacturer Part"; Value = "KF126-5.0-3P"; VariantName = "[No Variations]"
Add component (AddParameter): Name = "spicePre"; Value = "U"; VariantName = "[No Variations]"
Add component (AddParameter): Name = "spiceSymbolName"; Value = "KF126-5.0-3P"; VariantName = "[No Variations]"
Add component (AddParameter): Name = "Supplier"; Value = "LCSC"; VariantName = "[No Variations]"
Add component (AddParameter): Name = "Supplier Part"; Value = "C474901"; VariantName = "[No Variations]"
Added Component: Designator=F3(FP-0PTF0078P-MFG)
Add component (AddParameter): Name = "Ambient Temperature Range High"; Value = "+85°C"; VariantName = "[No Variations]"
Add component (AddParameter): Name = "Ambient Temperature Range Low"; Value = "-30°C"; VariantName = "[No Variations]"
Add component (AddParameter): Name = "Automotive"; Value = "No"; VariantName = "[No Variations]"
Add component (AddParameter): Name = "Category"; Value = "Fuse"; VariantName = "[No Variations]"
Add component (AddParameter): Name = "ComponentLink2Description"; Value = "Datasheet"; VariantName = "[No Variations]"
Add component (AddParameter): Name = "ComponentLink2URL"; Value = "https://media.digikey.com/pdf/Data%20Sheets/Littelfuse%20PDFs/PTF075_77_78.pdf"; VariantName = "[No Variations]"
Add component (AddParameter): Name = "Conn Orientation"; Value = "Vertical"; VariantName = "[No Variations]"
Add component (AddParameter): Name = "Device Class L1"; Value = "Circuit Protection"; VariantName = "[No Variations]"
Add component (AddParameter): Name = "Device Class L2"; Value = "Fuse Holders"; VariantName = "[No Variations]"
Add component (AddParameter): Name = "Device Class L3"; Value = "unset"; VariantName = "[No Variations]"
Add component (AddParameter): Name = "Digikey Description"; Value = "FUSE BLOCK CARTRIDGE PCB"; VariantName = "[No Variations]"
Add component (AddParameter): Name = "Fuse Current"; Value = "6.3A"; VariantName = "[No Variations]"
Add component (AddParameter): Name = "Height"; Value = "11.5mm"; VariantName = "[No Variations]"
Add component (AddParameter): Name = "Lead Free"; Value = "Yes"; VariantName = "[No Variations]"
Add component (AddParameter): Name = "Manufacturer"; Value = "Littelfuse Inc"; VariantName = "[No Variations]"
Add component (AddParameter): Name = "Manufacturer Part Number"; Value = "0PTF0078P"; VariantName = "[No Variations]"
Add component (AddParameter): Name = "Mouser Description"; Value = "Fuse Holder 5X20MM Pitch 22/7 UL94V0 Open"; VariantName = "[No Variations]"
Add component (AddParameter): Name = "Number Of Fuses"; Value = "1"; VariantName = "[No Variations]"
Add component (AddParameter): Name = "Octopart"; Value = "https://octopart.com/0ptf0078p-littelfuse-13255855"; VariantName = "[No Variations]"
Add component (AddParameter): Name = "Package"; Value = "0"; VariantName = "[No Variations]"
Add component (AddParameter): Name = "RoHS"; Value = "TRUE"; VariantName = "[No Variations]"
Add component (AddParameter): Name = "Voltage Rating Ac"; Value = "250V"; VariantName = "[No Variations]"
Add component (AddParameter): Name = "Voltage Rating Dc"; Value = "250V"; VariantName = "[No Variations]"
Added Component: Designator=Green_LED_12V(KING-WP710A10QBCD_V)
Add component (AddParameter): Name = "Datasheet URL"; Value = "https://datasheet.ciiva.com/2121/wp710a10qbc-d-2121617.pdf"; VariantName = "[No Variations]"
Add component (AddParameter): Name = "Datasheet Version"; Value = "Rev. 5B, 09/2014"; VariantName = "[No Variations]"
Add component (AddParameter): Name = "Factory Pack Quantity"; Value = "500"; VariantName = "[No Variations]"
Add component (AddParameter): Name = "Forward Current"; Value = "20mA"; VariantName = "[No Variations]"
Add component (AddParameter): Name = "Forward Voltage"; Value = "3.3V"; VariantName = "[No Variations]"
Add component (AddParameter): Name = "Illumination Color"; Value = "Blue"; VariantName = "[No Variations]"
Add component (AddParameter): Name = "LED Size"; Value = "T-1"; VariantName = "[No Variations]"
Add component (AddParameter): Name = "Lens Color/Style"; Value = "WaterClear"; VariantName = "[No Variations]"
Add component (AddParameter): Name = "Lens Dimensions"; Value = "3mmx4.6mm"; VariantName = "[No Variations]"
Add component (AddParameter): Name = "Lens Shape"; Value = "Dome"; VariantName = "[No Variations]"
Add component (AddParameter): Name = "Luminous Intensity"; Value = "1600mcd"; VariantName = "[No Variations]"
Add component (AddParameter): Name = "Manufacturer"; Value = "Kingbright"; VariantName = "[No Variations]"
Add component (AddParameter): Name = "Manufacturer URL"; Value = "http://www.kingbright.com/"; VariantName = "[No Variations]"
Add component (AddParameter): Name = "Maximum Operating Temperature"; Value = "+85C"; VariantName = "[No Variations]"
Add component (AddParameter): Name = "Minimum Operating Temperature"; Value = "-40C"; VariantName = "[No Variations]"
Add component (AddParameter): Name = "Mounting Style"; Value = "ThroughHole"; VariantName = "[No Variations]"
Add component (AddParameter): Name = "Mounting Technology"; Value = "ThroughHole"; VariantName = "[No Variations]"
Add component (AddParameter): Name = "Package Description"; Value = "2-Pin Through Hole Device, Dia 3.2 mm"; VariantName = "[No Variations]"
Add component (AddParameter): Name = "Package Reference"; Value = "WP710A10QBCD"; VariantName = "[No Variations]"
Add component (AddParameter): Name = "Packaging"; Value = "Bulk"; VariantName = "[No Variations]"
Add component (AddParameter): Name = "Product Category"; Value = "StandardLEDs-ThroughHole"; VariantName = "[No Variations]"
Add component (AddParameter): Name = "RoHS"; Value = "Details"; VariantName = "[No Variations]"
Add component (AddParameter): Name = "Type"; Value = "SolidStateLEDLamp"; VariantName = "[No Variations]"
Add component (AddParameter): Name = "Viewing Angle"; Value = "20deg"; VariantName = "[No Variations]"
Add component (AddParameter): Name = "Wavelength/Color Temperature"; Value = "470nm"; VariantName = "[No Variations]"
Added Component: Designator=R10(FP-MFR-12-MFG)
Add component (AddParameter): Name = "Max Operating Temperature"; Value = "155°C"; VariantName = "[No Variations]"
Add component (AddParameter): Name = "Min Operating Temperature"; Value = "-55°C"; VariantName = "[No Variations]"
Add component (AddParameter): Name = "Packaging"; Value = "Ammo Pack"; VariantName = "[No Variations]"
Add component (AddParameter): Name = "Power Rating"; Value = "160mW"; VariantName = "[No Variations]"
Add component (AddParameter): Name = "Resistance"; Value = "10kR"; VariantName = "[No Variations]"
Add component (AddParameter): Name = "Termination"; Value = "Axial"; VariantName = "[No Variations]"
Add component (AddParameter): Name = "Tolerance"; Value = "1%"; VariantName = "[No Variations]"
Add component (AddParameter): Name = "Voltage Rating"; Value = "200V"; VariantName = "[No Variations]"
Add component (AddParameter): Name = "Voltage Rating (DC)"; Value = "200V"; VariantName = "[No Variations]"
Added Component: Designator=R11(FP-MFR-12-MFG)
Add component (AddParameter): Name = "Max Operating Temperature"; Value = "155°C"; VariantName = "[No Variations]"
Add component (AddParameter): Name = "Min Operating Temperature"; Value = "-55°C"; VariantName = "[No Variations]"
Add component (AddParameter): Name = "Packaging"; Value = "Ammo Pack"; VariantName = "[No Variations]"
Add component (AddParameter): Name = "Power Rating"; Value = "160mW"; VariantName = "[No Variations]"
Add component (AddParameter): Name = "Resistance"; Value = "10kR"; VariantName = "[No Variations]"
Add component (AddParameter): Name = "Termination"; Value = "Axial"; VariantName = "[No Variations]"
Add component (AddParameter): Name = "Tolerance"; Value = "1%"; VariantName = "[No Variations]"
Add component (AddParameter): Name = "Voltage Rating"; Value = "200V"; VariantName = "[No Variations]"
Add component (AddParameter): Name = "Voltage Rating (DC)"; Value = "200V"; VariantName = "[No Variations]"
Added Component: Designator=Red_Led_12V(KING-WP710A10QBCD_V)
Add component (AddParameter): Name = "Datasheet URL"; Value = "https://datasheet.ciiva.com/2121/wp710a10qbc-d-2121617.pdf"; VariantName = "[No Variations]"
Add component (AddParameter): Name = "Datasheet Version"; Value = "Rev. 5B, 09/2014"; VariantName = "[No Variations]"
Add component (AddParameter): Name = "Factory Pack Quantity"; Value = "500"; VariantName = "[No Variations]"
Add component (AddParameter): Name = "Forward Current"; Value = "20mA"; VariantName = "[No Variations]"
Add component (AddParameter): Name = "Forward Voltage"; Value = "3.3V"; VariantName = "[No Variations]"
Add component (AddParameter): Name = "Illumination Color"; Value = "Blue"; VariantName = "[No Variations]"
Add component (AddParameter): Name = "LED Size"; Value = "T-1"; VariantName = "[No Variations]"
Add component (AddParameter): Name = "Lens Color/Style"; Value = "WaterClear"; VariantName = "[No Variations]"
Add component (AddParameter): Name = "Lens Dimensions"; Value = "3mmx4.6mm"; VariantName = "[No Variations]"
Add component (AddParameter): Name = "Lens Shape"; Value = "Dome"; VariantName = "[No Variations]"
Add component (AddParameter): Name = "Luminous Intensity"; Value = "1600mcd"; VariantName = "[No Variations]"
Add component (AddParameter): Name = "Manufacturer"; Value = "Kingbright"; VariantName = "[No Variations]"
Add component (AddParameter): Name = "Manufacturer URL"; Value = "http://www.kingbright.com/"; VariantName = "[No Variations]"
Add component (AddParameter): Name = "Maximum Operating Temperature"; Value = "+85C"; VariantName = "[No Variations]"
Add component (AddParameter): Name = "Minimum Operating Temperature"; Value = "-40C"; VariantName = "[No Variations]"
Add component (AddParameter): Name = "Mounting Style"; Value = "ThroughHole"; VariantName = "[No Variations]"
Add component (AddParameter): Name = "Mounting Technology"; Value = "ThroughHole"; VariantName = "[No Variations]"
Add component (AddParameter): Name = "Package Description"; Value = "2-Pin Through Hole Device, Dia 3.2 mm"; VariantName = "[No Variations]"
Add component (AddParameter): Name = "Package Reference"; Value = "WP710A10QBCD"; VariantName = "[No Variations]"
Add component (AddParameter): Name = "Packaging"; Value = "Bulk"; VariantName = "[No Variations]"
Add component (AddParameter): Name = "Product Category"; Value = "StandardLEDs-ThroughHole"; VariantName = "[No Variations]"
Add component (AddParameter): Name = "RoHS"; Value = "Details"; VariantName = "[No Variations]"
Add component (AddParameter): Name = "Type"; Value = "SolidStateLEDLamp"; VariantName = "[No Variations]"
Add component (AddParameter): Name = "Viewing Angle"; Value = "20deg"; VariantName = "[No Variations]"
Add component (AddParameter): Name = "Wavelength/Color Temperature"; Value = "470nm"; VariantName = "[No Variations]"
Added Component: Designator=SW_Main_Power_12(ESWI-EG1218_V)
Add component (AddParameter): Name = "Case\Package"; Value = "SOT-23-5"; VariantName = "[No Variations]"
Add component (AddParameter): Name = "ComponentLink1Description"; Value = "Manufacturer URL"; VariantName = "[No Variations]"
Add component (AddParameter): Name = "ComponentLink1URL"; Value = "http://www.e-switch.ch/en/"; VariantName = "[No Variations]"
Add component (AddParameter): Name = "ComponentLink2Description"; Value = "Datasheet"; VariantName = "[No Variations]"
Add component (AddParameter): Name = "ComponentLink2URL"; Value = "https://www.e-switch.com/system/asset/product_line/data_sheet/119/EG.pdf"; VariantName = "[No Variations]"
Add component (AddParameter): Name = "DatasheetVersion"; Value = "Oct-15"; VariantName = "[No Variations]"
Add component (AddParameter): Name = "Dropout Voltage"; Value = "300 mV"; VariantName = "[No Variations]"
Add component (AddParameter): Name = "Height"; Value = "1.3 mm"; VariantName = "[No Variations]"
Add component (AddParameter): Name = "Length"; Value = "3 mm"; VariantName = "[No Variations]"
Add component (AddParameter): Name = "Max Input Voltage"; Value = "8 V"; VariantName = "[No Variations]"
Add component (AddParameter): Name = "Max Operating Temperature"; Value = "85 degC"; VariantName = "[No Variations]"
Add component (AddParameter): Name = "Max Ouput Current"; Value = "150 mA"; VariantName = "[No Variations]"
Add component (AddParameter): Name = "Max Power Dissipation"; Value = "250 mW"; VariantName = "[No Variations]"
Add component (AddParameter): Name = "Min Input Voltage"; Value = "4.3 V"; VariantName = "[No Variations]"
Add component (AddParameter): Name = "Min Operating Temperature"; Value = "-40 degC"; VariantName = "[No Variations]"
Add component (AddParameter): Name = "Mount"; Value = "Surface Mount"; VariantName = "[No Variations]"
Add component (AddParameter): Name = "Nominal Output Voltage"; Value = "3.3 V"; VariantName = "[No Variations]"
Add component (AddParameter): Name = "Output Current"; Value = "150 mA"; VariantName = "[No Variations]"
Add component (AddParameter): Name = "Output Voltage"; Value = "3.3 V"; VariantName = "[No Variations]"
Add component (AddParameter): Name = "Outputs"; Value = "1"; VariantName = "[No Variations]"
Add component (AddParameter): Name = "Package Quantity"; Value = "3000"; VariantName = "[No Variations]"
Add component (AddParameter): Name = "PackageDescription"; Value = "3-Pin Through Hole Device, Body 11.6 x 4 mm, Pitch 2.5 mm"; VariantName = "[No Variations]"
Add component (AddParameter): Name = "PackageReference"; Value = "EG1218"; VariantName = "[No Variations]"
Add component (AddParameter): Name = "Packaging"; Value = "Tape and Reel"; VariantName = "[No Variations]"
Add component (AddParameter): Name = "Pins"; Value = "5"; VariantName = "[No Variations]"
Add component (AddParameter): Name = "Power Rating"; Value = "250 mW"; VariantName = "[No Variations]"
Add component (AddParameter): Name = "Radiation Hardening"; Value = "No"; VariantName = "[No Variations]"
Add component (AddParameter): Name = "REACH SVHC"; Value = "No SVHC"; VariantName = "[No Variations]"
Add component (AddParameter): Name = "RoHSCompliant"; Value = "true"; VariantName = "[No Variations]"
Add component (AddParameter): Name = "Width"; Value = "1.8 mm"; VariantName = "[No Variations]"
Added Pin To Net: NetName=GND Pin=12V-2
Added Pin To Net: NetName=12V Pin=Current_Sensor?-1
Added Pin To Net: NetName=12V Pin=Current_Sensor?-2
Added Pin To Net: NetName=12V Pin=Current_Sensor?-3
Added Pin To Net: NetName=12V Pin=F3-1
Added Pin To Net: NetName=GND Pin=Green_LED_12V-2
Added Pin To Net: NetName=12V Pin=R11-1
Added Pin To Net: NetName=12V Pin=Red_Led_12V-2
Added Pin To Net: NetName=Net12V_1 Pin=12V-1
Added Pin To Net: NetName=Net12V_1 Pin=SW_Main_Power_12-3
Added Net: Name=Net12V_1
Added Pin To Net: NetName=NetF3_2 Pin=F3-2
Added Pin To Net: NetName=NetF3_2 Pin=R10-2
Added Pin To Net: NetName=NetF3_2 Pin=SW_Main_Power_12-2
Added Net: Name=NetF3_2
Added Pin To Net: NetName=NetR10_1 Pin=R10-1
Added Pin To Net: NetName=NetR10_1 Pin=Red_Led_12V-1
Added Net: Name=NetR10_1
Added Member To Class: ClassName=Sensors_Schematic Member=Component 12V 12V_IN
Added Member To Class: ClassName=Sensors_Schematic Member=Component Current_Sensor? 3P-Terminal
Added Member To Class: ClassName=Sensors_Schematic Member=Component F3 0PTF0078P
Added Member To Class: ClassName=Sensors_Schematic Member=Component Green_LED_12V WP710A10QBC/D
Added Member To Class: ClassName=Sensors_Schematic Member=Component R10 1K
Added Member To Class: ClassName=Sensors_Schematic Member=Component R11 1K
Added Member To Class: ClassName=Sensors_Schematic Member=Component Red_Led_12V WP710A10QBC/D
Added Member To Class: ClassName=Sensors_Schematic Member=Component SW_Main_Power_12 EG1218
