Removed Pin From Net: NetName=LM3_PIN Pin=Actuators-NUC-H7-164
Removed Pin From Net: NetName=LM4_PIN Pin=Actuators-NUC-H7-166
Removed Pin From Net: NetName=TMC_UART Pin=Actuators-NUC-H7-197
Removed Pin From Net: NetName=TMC_UART Pin=R2(1k)-1
Removed Member From Class: ClassName=STM32H755_Breakout_Schematic Member=R2(1k)
Added Component: Designator=R2(FP-FMP100-MFG)
Add component (AddParameter): Name = "Case/Package"; Value = "Conformal"; VariantName = "[No Variations]"
Add component (AddParameter): Name = "Composition"; Value = "Metal Film"; VariantName = "[No Variations]"
Add component (AddParameter): Name = "Diameter"; Value = "2.4mm"; VariantName = "[No Variations]"
Add component (AddParameter): Name = "Lead Free"; Value = "Lead Free"; VariantName = "[No Variations]"
Add component (AddParameter): Name = "Length"; Value = "6.3mm"; VariantName = "[No Variations]"
Add component (AddParameter): Name = "Max Operating Temperature"; Value = "155°C"; VariantName = "[No Variations]"
Add component (AddParameter): Name = "Military Standard"; Value = "Not"; VariantName = "[No Variations]"
Add component (AddParameter): Name = "Min Operating Temperature"; Value = "-55°C"; VariantName = "[No Variations]"
Add component (AddParameter): Name = "Mount"; Value = "Through Hole"; VariantName = "[No Variations]"
Add component (AddParameter): Name = "Power Rating"; Value = "1W"; VariantName = "[No Variations]"
Add component (AddParameter): Name = "Radiation Hardening"; Value = "No"; VariantName = "[No Variations]"
Add component (AddParameter): Name = "Resistance"; Value = "1kO"; VariantName = "[No Variations]"
Add component (AddParameter): Name = "RoHS"; Value = "Compliant"; VariantName = "[No Variations]"
Add component (AddParameter): Name = "Schedule B"; Value = "8533210090, 8533210090"; VariantName = "[No Variations]"
Add component (AddParameter): Name = "Temperature Coefficient"; Value = "100ppm/°C"; VariantName = "[No Variations]"
Add component (AddParameter): Name = "Termination"; Value = "Axial"; VariantName = "[No Variations]"
Add component (AddParameter): Name = "Tolerance"; Value = "5%"; VariantName = "[No Variations]"
Added Pin To Net: NetName=TMC_UART Pin=Actuators-NUC-H7-164
Added Pin To Net: NetName=LM4_PIN Pin=Actuators-NUC-H7-192
Added Pin To Net: NetName=LM3_PIN Pin=Actuators-NUC-H7-194
Added Pin To Net: NetName=TMC_UART Pin=R2-1
Added Pin To Net: NetName=NetActuators-NUC-H7_166 Pin=Actuators-NUC-H7-166
Added Pin To Net: NetName=NetActuators-NUC-H7_166 Pin=R2-2
Added Net: Name=NetActuators-NUC-H7_166
Added Member To Class: ClassName=STM32H755_Breakout_Schematic Member=Component R2 FMP100JT-52-1K
