Added Component: Designator=1-NUC-H7(NUCLEO-H7)
Add component (AddParameter): Name = "Contributor"; Value = "zutawin"; VariantName = "[No Variations]"
Add component (AddParameter): Name = "Manufacturer Part"; Value = ""; VariantName = "[No Variations]"
Add component (AddParameter): Name = "Mounted"; Value = "Yes"; VariantName = "[No Variations]"
Add component (AddParameter): Name = "Package Display"; Value = "Yes"; VariantName = "[No Variations]"
Add component (AddParameter): Name = "spicePre"; Value = "X"; VariantName = "[No Variations]"
Add component (AddParameter): Name = "spiceSymbolName"; Value = "NUCLEO-H755ZI-ZIO"; VariantName = "[No Variations]"
Add component (AddParameter): Name = "Supplier"; Value = "DOLI"; VariantName = "[No Variations]"
Add component (AddParameter): Name = "Supplier Part"; Value = "100x"; VariantName = "[No Variations]"
Add Component: Footprint Not Found BNO055
Add Component: Footprint Not Found DIP 8 PIN SOCKET
Add Component: Footprint Not Found CONN-TH_P5.00_KF126-5.0-2P
Add Component: Footprint Not Found CURRENT-SENSOR-ACS712#IC
Add Component: Footprint Not Found CONN-TH_3P-P5.00_KF126-5.0-3P
Add Component: Footprint Not Found COMM-TH_MPU6050-TH
Add Component: Footprint Not Found COMM-TH_TMC2209SILENTSTEPSTICK
Add Component: Footprint Not Found VL53L1X_BREAKOUT
Added Member To Class: ClassName=STM32H755_Breakout_Schematic Member=Component 1-NUC-H7 NUCLEO-H755ZI-ZIO
Add Class Member: Failed to add class member : Component BN055 BNO055 MODIFIED
Add Class Member: Failed to add class member : Component CONN_8DIP 8 PIN DIP SOCKET
Add Class Member: Failed to add class member : Component CONN KF126-5.0-2P
Add Class Member: Failed to add class member : Component CRR_SEN CURRENT-SENSOR-ACS712#IC
Add Class Member: Failed to add class member : Component LIMIT_SW Limit Switch
Add Class Member: Failed to add class member : Component MPU6050 MPU6050-TH COPY
Add Class Member: Failed to add class member : Component TMC TMC2209 Socket
Add Class Member: Failed to add class member : Component VL VL53L1X_BREAKOUT COPY
