Change Component Designator: OldDesignator=3P-Terminal-2 NewDesignator=GND_O/P
Added Component: Designator=3.3V_O/P(CONN-TH_3P-P5.00_KF126-5.0-3P)
Add component (AddParameter): Name = "Contributor"; Value = "thulasikrishna"; VariantName = "[No Variations]"
Add component (AddParameter): Name = "JLCPCB Part Class"; Value = "Extended Part"; VariantName = "[No Variations]"
Add component (AddParameter): Name = "Manufacturer"; Value = "Cixi Kefa Elec"; VariantName = "[No Variations]"
Add component (AddParameter): Name = "Manufacturer Part"; Value = "KF126-5.0-3P"; VariantName = "[No Variations]"
Add component (AddParameter): Name = "spicePre"; Value = "U"; VariantName = "[No Variations]"
Add component (AddParameter): Name = "spiceSymbolName"; Value = "KF126-5.0-3P"; VariantName = "[No Variations]"
Add component (AddParameter): Name = "Supplier"; Value = "LCSC"; VariantName = "[No Variations]"
Add component (AddParameter): Name = "Supplier Part"; Value = "C474901"; VariantName = "[No Variations]"
Added Component: Designator=BRO_1(CONN-TH_3P-P5.00_KF126-5.0-3P)
Add component (AddParameter): Name = "Contributor"; Value = "thulasikrishna"; VariantName = "[No Variations]"
Add component (AddParameter): Name = "JLCPCB Part Class"; Value = "Extended Part"; VariantName = "[No Variations]"
Add component (AddParameter): Name = "Manufacturer"; Value = "Cixi Kefa Elec"; VariantName = "[No Variations]"
Add component (AddParameter): Name = "Manufacturer Part"; Value = "KF126-5.0-3P"; VariantName = "[No Variations]"
Add component (AddParameter): Name = "spicePre"; Value = "U"; VariantName = "[No Variations]"
Add component (AddParameter): Name = "spiceSymbolName"; Value = "KF126-5.0-3P"; VariantName = "[No Variations]"
Add component (AddParameter): Name = "Supplier"; Value = "LCSC"; VariantName = "[No Variations]"
Add component (AddParameter): Name = "Supplier Part"; Value = "C474901"; VariantName = "[No Variations]"
Added Component: Designator=BRO_2(CONN-TH_3P-P5.00_KF126-5.0-3P)
Add component (AddParameter): Name = "Contributor"; Value = "thulasikrishna"; VariantName = "[No Variations]"
Add component (AddParameter): Name = "JLCPCB Part Class"; Value = "Extended Part"; VariantName = "[No Variations]"
Add component (AddParameter): Name = "Manufacturer"; Value = "Cixi Kefa Elec"; VariantName = "[No Variations]"
Add component (AddParameter): Name = "Manufacturer Part"; Value = "KF126-5.0-3P"; VariantName = "[No Variations]"
Add component (AddParameter): Name = "spicePre"; Value = "U"; VariantName = "[No Variations]"
Add component (AddParameter): Name = "spiceSymbolName"; Value = "KF126-5.0-3P"; VariantName = "[No Variations]"
Add component (AddParameter): Name = "Supplier"; Value = "LCSC"; VariantName = "[No Variations]"
Add component (AddParameter): Name = "Supplier Part"; Value = "C474901"; VariantName = "[No Variations]"
Added Component: Designator=BRO_3(CONN-TH_3P-P5.00_KF126-5.0-3P)
Add component (AddParameter): Name = "Contributor"; Value = "thulasikrishna"; VariantName = "[No Variations]"
Add component (AddParameter): Name = "JLCPCB Part Class"; Value = "Extended Part"; VariantName = "[No Variations]"
Add component (AddParameter): Name = "Manufacturer"; Value = "Cixi Kefa Elec"; VariantName = "[No Variations]"
Add component (AddParameter): Name = "Manufacturer Part"; Value = "KF126-5.0-3P"; VariantName = "[No Variations]"
Add component (AddParameter): Name = "spicePre"; Value = "U"; VariantName = "[No Variations]"
Add component (AddParameter): Name = "spiceSymbolName"; Value = "KF126-5.0-3P"; VariantName = "[No Variations]"
Add component (AddParameter): Name = "Supplier"; Value = "LCSC"; VariantName = "[No Variations]"
Add component (AddParameter): Name = "Supplier Part"; Value = "C474901"; VariantName = "[No Variations]"
Added Component: Designator=BRO_4(CONN-TH_3P-P5.00_KF126-5.0-3P)
Add component (AddParameter): Name = "Contributor"; Value = "thulasikrishna"; VariantName = "[No Variations]"
Add component (AddParameter): Name = "JLCPCB Part Class"; Value = "Extended Part"; VariantName = "[No Variations]"
Add component (AddParameter): Name = "Manufacturer"; Value = "Cixi Kefa Elec"; VariantName = "[No Variations]"
Add component (AddParameter): Name = "Manufacturer Part"; Value = "KF126-5.0-3P"; VariantName = "[No Variations]"
Add component (AddParameter): Name = "spicePre"; Value = "U"; VariantName = "[No Variations]"
Add component (AddParameter): Name = "spiceSymbolName"; Value = "KF126-5.0-3P"; VariantName = "[No Variations]"
Add component (AddParameter): Name = "Supplier"; Value = "LCSC"; VariantName = "[No Variations]"
Add component (AddParameter): Name = "Supplier Part"; Value = "C474901"; VariantName = "[No Variations]"
Added Component: Designator=BRO_5(CONN-TH_3P-P5.00_KF126-5.0-3P)
Add component (AddParameter): Name = "Contributor"; Value = "thulasikrishna"; VariantName = "[No Variations]"
Add component (AddParameter): Name = "JLCPCB Part Class"; Value = "Extended Part"; VariantName = "[No Variations]"
Add component (AddParameter): Name = "Manufacturer"; Value = "Cixi Kefa Elec"; VariantName = "[No Variations]"
Add component (AddParameter): Name = "Manufacturer Part"; Value = "KF126-5.0-3P"; VariantName = "[No Variations]"
Add component (AddParameter): Name = "spicePre"; Value = "U"; VariantName = "[No Variations]"
Add component (AddParameter): Name = "spiceSymbolName"; Value = "KF126-5.0-3P"; VariantName = "[No Variations]"
Add component (AddParameter): Name = "Supplier"; Value = "LCSC"; VariantName = "[No Variations]"
Add component (AddParameter): Name = "Supplier Part"; Value = "C474901"; VariantName = "[No Variations]"
Added Component: Designator=BRO_6(CONN-TH_3P-P5.00_KF126-5.0-3P)
Add component (AddParameter): Name = "Contributor"; Value = "thulasikrishna"; VariantName = "[No Variations]"
Add component (AddParameter): Name = "JLCPCB Part Class"; Value = "Extended Part"; VariantName = "[No Variations]"
Add component (AddParameter): Name = "Manufacturer"; Value = "Cixi Kefa Elec"; VariantName = "[No Variations]"
Add component (AddParameter): Name = "Manufacturer Part"; Value = "KF126-5.0-3P"; VariantName = "[No Variations]"
Add component (AddParameter): Name = "spicePre"; Value = "U"; VariantName = "[No Variations]"
Add component (AddParameter): Name = "spiceSymbolName"; Value = "KF126-5.0-3P"; VariantName = "[No Variations]"
Add component (AddParameter): Name = "Supplier"; Value = "LCSC"; VariantName = "[No Variations]"
Add component (AddParameter): Name = "Supplier Part"; Value = "C474901"; VariantName = "[No Variations]"
Added Component: Designator=BRO_7(CONN-TH_3P-P5.00_KF126-5.0-3P)
Add component (AddParameter): Name = "Contributor"; Value = "thulasikrishna"; VariantName = "[No Variations]"
Add component (AddParameter): Name = "JLCPCB Part Class"; Value = "Extended Part"; VariantName = "[No Variations]"
Add component (AddParameter): Name = "Manufacturer"; Value = "Cixi Kefa Elec"; VariantName = "[No Variations]"
Add component (AddParameter): Name = "Manufacturer Part"; Value = "KF126-5.0-3P"; VariantName = "[No Variations]"
Add component (AddParameter): Name = "spicePre"; Value = "U"; VariantName = "[No Variations]"
Add component (AddParameter): Name = "spiceSymbolName"; Value = "KF126-5.0-3P"; VariantName = "[No Variations]"
Add component (AddParameter): Name = "Supplier"; Value = "LCSC"; VariantName = "[No Variations]"
Add component (AddParameter): Name = "Supplier Part"; Value = "C474901"; VariantName = "[No Variations]"
Added Component: Designator=BRO_8(CONN-TH_3P-P5.00_KF126-5.0-3P)
Add component (AddParameter): Name = "Contributor"; Value = "thulasikrishna"; VariantName = "[No Variations]"
Add component (AddParameter): Name = "JLCPCB Part Class"; Value = "Extended Part"; VariantName = "[No Variations]"
Add component (AddParameter): Name = "Manufacturer"; Value = "Cixi Kefa Elec"; VariantName = "[No Variations]"
Add component (AddParameter): Name = "Manufacturer Part"; Value = "KF126-5.0-3P"; VariantName = "[No Variations]"
Add component (AddParameter): Name = "spicePre"; Value = "U"; VariantName = "[No Variations]"
Add component (AddParameter): Name = "spiceSymbolName"; Value = "KF126-5.0-3P"; VariantName = "[No Variations]"
Add component (AddParameter): Name = "Supplier"; Value = "LCSC"; VariantName = "[No Variations]"
Add component (AddParameter): Name = "Supplier Part"; Value = "C474901"; VariantName = "[No Variations]"
Added Component: Designator=BRO_9(CONN-TH_3P-P5.00_KF126-5.0-3P)
Add component (AddParameter): Name = "Contributor"; Value = "thulasikrishna"; VariantName = "[No Variations]"
Add component (AddParameter): Name = "JLCPCB Part Class"; Value = "Extended Part"; VariantName = "[No Variations]"
Add component (AddParameter): Name = "Manufacturer"; Value = "Cixi Kefa Elec"; VariantName = "[No Variations]"
Add component (AddParameter): Name = "Manufacturer Part"; Value = "KF126-5.0-3P"; VariantName = "[No Variations]"
Add component (AddParameter): Name = "spicePre"; Value = "U"; VariantName = "[No Variations]"
Add component (AddParameter): Name = "spiceSymbolName"; Value = "KF126-5.0-3P"; VariantName = "[No Variations]"
Add component (AddParameter): Name = "Supplier"; Value = "LCSC"; VariantName = "[No Variations]"
Add component (AddParameter): Name = "Supplier Part"; Value = "C474901"; VariantName = "[No Variations]"
Added Component: Designator=BRO_10(CONN-TH_3P-P5.00_KF126-5.0-3P)
Add component (AddParameter): Name = "Contributor"; Value = "thulasikrishna"; VariantName = "[No Variations]"
Add component (AddParameter): Name = "JLCPCB Part Class"; Value = "Extended Part"; VariantName = "[No Variations]"
Add component (AddParameter): Name = "Manufacturer"; Value = "Cixi Kefa Elec"; VariantName = "[No Variations]"
Add component (AddParameter): Name = "Manufacturer Part"; Value = "KF126-5.0-3P"; VariantName = "[No Variations]"
Add component (AddParameter): Name = "spicePre"; Value = "U"; VariantName = "[No Variations]"
Add component (AddParameter): Name = "spiceSymbolName"; Value = "KF126-5.0-3P"; VariantName = "[No Variations]"
Add component (AddParameter): Name = "Supplier"; Value = "LCSC"; VariantName = "[No Variations]"
Add component (AddParameter): Name = "Supplier Part"; Value = "C474901"; VariantName = "[No Variations]"
Added Component: Designator=BRO_11(CONN-TH_3P-P5.00_KF126-5.0-3P)
Add component (AddParameter): Name = "Contributor"; Value = "thulasikrishna"; VariantName = "[No Variations]"
Add component (AddParameter): Name = "JLCPCB Part Class"; Value = "Extended Part"; VariantName = "[No Variations]"
Add component (AddParameter): Name = "Manufacturer"; Value = "Cixi Kefa Elec"; VariantName = "[No Variations]"
Add component (AddParameter): Name = "Manufacturer Part"; Value = "KF126-5.0-3P"; VariantName = "[No Variations]"
Add component (AddParameter): Name = "spicePre"; Value = "U"; VariantName = "[No Variations]"
Add component (AddParameter): Name = "spiceSymbolName"; Value = "KF126-5.0-3P"; VariantName = "[No Variations]"
Add component (AddParameter): Name = "Supplier"; Value = "LCSC"; VariantName = "[No Variations]"
Add component (AddParameter): Name = "Supplier Part"; Value = "C474901"; VariantName = "[No Variations]"
Added Pin To Net: NetName=3.3 V Pin=3.3V_O/P-1
Added Pin To Net: NetName=3.3 V Pin=3.3V_O/P-2
Added Pin To Net: NetName=3.3 V Pin=3.3V_O/P-3
Added Pin To Net: NetName=GND Pin=GND_O/P-1
Added Pin To Net: NetName=GND Pin=GND_O/P-2
Added Pin To Net: NetName=GND Pin=GND_O/P-3
Added Pin To Net: NetName=PA2 Pin=Actuators-NUC-H7-221
Added Pin To Net: NetName=PA2 Pin=BRO_4-2
Added Net: Name=PA2
Added Pin To Net: NetName=PA8 Pin=Actuators-NUC-H7-214
Added Pin To Net: NetName=PA8 Pin=BRO_10-1
Added Net: Name=PA8
Added Pin To Net: NetName=PB0 Pin=Actuators-NUC-H7-241
Added Pin To Net: NetName=PB0 Pin=BRO_6-2
Added Net: Name=PB0
Added Pin To Net: NetName=PB2 Pin=Actuators-NUC-H7-225
Added Pin To Net: NetName=PB2 Pin=BRO_5-1
Added Net: Name=PB2
Added Pin To Net: NetName=PB10 Pin=Actuators-NUC-H7-242
Added Pin To Net: NetName=PB10 Pin=BRO_7-2
Added Net: Name=PB10
Added Pin To Net: NetName=PB11 Pin=Actuators-NUC-H7-244
Added Pin To Net: NetName=PB11 Pin=BRO_7-1
Added Net: Name=PB11
Added Pin To Net: NetName=PD3 Pin=Actuators-NUC-H7-170
Added Pin To Net: NetName=PD3 Pin=BRO_1-2
Added Net: Name=PD3
Added Pin To Net: NetName=PD4 Pin=Actuators-NUC-H7-168
Added Pin To Net: NetName=PD4 Pin=BRO_1-1
Added Net: Name=PD4
Added Pin To Net: NetName=PD11 Pin=Actuators-NUC-H7-233
Added Pin To Net: NetName=PD11 Pin=BRO_6-1
Added Net: Name=PD11
Added Pin To Net: NetName=PD12 Pin=Actuators-NUC-H7-231
Added Pin To Net: NetName=PD12 Pin=BRO_5-3
Added Net: Name=PD12
Added Pin To Net: NetName=PD13 Pin=Actuators-NUC-H7-229
Added Pin To Net: NetName=PD13 Pin=BRO_5-2
Added Net: Name=PD13
Added Pin To Net: NetName=PD15 Pin=Actuators-NUC-H7-208
Added Pin To Net: NetName=PD15 Pin=BRO_11-3
Added Net: Name=PD15
Added Pin To Net: NetName=PE0 Pin=Actuators-NUC-H7-243
Added Pin To Net: NetName=PE0 Pin=BRO_6-3
Added Net: Name=PE0
Added Pin To Net: NetName=PE2 Pin=Actuators-NUC-H7-174
Added Pin To Net: NetName=PE2 Pin=BRO_1-3
Added Net: Name=PE2
Added Pin To Net: NetName=PE3 Pin=Actuators-NUC-H7-182
Added Pin To Net: NetName=PE3 Pin=BRO_3-1
Added Net: Name=PE3
Added Pin To Net: NetName=PE4 Pin=Actuators-NUC-H7-176
Added Pin To Net: NetName=PE4 Pin=BRO_2-1
Added Net: Name=PE4
Added Pin To Net: NetName=PE5 Pin=Actuators-NUC-H7-178
Added Pin To Net: NetName=PE5 Pin=BRO_2-2
Added Net: Name=PE5
Added Pin To Net: NetName=PE6 Pin=Actuators-NUC-H7-180
Added Pin To Net: NetName=PE6 Pin=BRO_2-3
Added Net: Name=PE6
Added Pin To Net: NetName=PE7 Pin=Actuators-NUC-H7-230
Added Pin To Net: NetName=PE7 Pin=BRO_8-1
Added Net: Name=PE7
Added Pin To Net: NetName=PE8 Pin=Actuators-NUC-H7-228
Added Pin To Net: NetName=PE8 Pin=BRO_9-3
Added Net: Name=PE8
Added Pin To Net: NetName=PE10 Pin=Actuators-NUC-H7-234
Added Pin To Net: NetName=PE10 Pin=BRO_8-2
Added Net: Name=PE10
Added Pin To Net: NetName=PE11 Pin=Actuators-NUC-H7-216
Added Pin To Net: NetName=PE11 Pin=BRO_10-2
Added Net: Name=PE11
Added Pin To Net: NetName=PE12 Pin=Actuators-NUC-H7-236
Added Pin To Net: NetName=PE12 Pin=BRO_8-3
Added Net: Name=PE12
Added Pin To Net: NetName=PE13 Pin=Actuators-NUC-H7-220
Added Pin To Net: NetName=PE13 Pin=BRO_9-1
Added Net: Name=PE13
Added Pin To Net: NetName=PE14 Pin=Actuators-NUC-H7-218
Added Pin To Net: NetName=PE14 Pin=BRO_10-3
Added Net: Name=PE14
Added Pin To Net: NetName=PE15 Pin=Actuators-NUC-H7-240
Added Pin To Net: NetName=PE15 Pin=BRO_7-3
Added Net: Name=PE15
Added Pin To Net: NetName=PF6 Pin=Actuators-NUC-H7-217
Added Pin To Net: NetName=PF6 Pin=BRO_3-3
Added Net: Name=PF6
Added Pin To Net: NetName=PF8 Pin=Actuators-NUC-H7-184
Added Pin To Net: NetName=PF8 Pin=BRO_3-2
Added Net: Name=PF8
Added Pin To Net: NetName=PF10 Pin=Actuators-NUC-H7-219
Added Pin To Net: NetName=PF10 Pin=BRO_4-1
Added Net: Name=PF10
Added Pin To Net: NetName=PG6 Pin=Actuators-NUC-H7-223
Added Pin To Net: NetName=PG6 Pin=BRO_4-3
Added Net: Name=PG6
Added Pin To Net: NetName=PG9 Pin=Actuators-NUC-H7-210
Added Pin To Net: NetName=PG9 Pin=BRO_11-2
Added Net: Name=PG9
Added Pin To Net: NetName=PG12 Pin=Actuators-NUC-H7-212
Added Pin To Net: NetName=PG12 Pin=BRO_11-1
Added Net: Name=PG12
Added Pin To Net: NetName=PG14 Pin=Actuators-NUC-H7-222
Added Pin To Net: NetName=PG14 Pin=BRO_9-2
Added Net: Name=PG14
Added Member To Class: ClassName=Actuators_Schematic Member=Component 3.3V_O/P KF126-5.0-2P
Added Member To Class: ClassName=Actuators_Schematic Member=Component BRO_1 3P-Terminal
Added Member To Class: ClassName=Actuators_Schematic Member=Component BRO_2 3P-Terminal
Added Member To Class: ClassName=Actuators_Schematic Member=Component BRO_3 3P-Terminal
Added Member To Class: ClassName=Actuators_Schematic Member=Component BRO_4 3P-Terminal
Added Member To Class: ClassName=Actuators_Schematic Member=Component BRO_5 3P-Terminal
Added Member To Class: ClassName=Actuators_Schematic Member=Component BRO_6 3P-Terminal
Added Member To Class: ClassName=Actuators_Schematic Member=Component BRO_7 3P-Terminal
Added Member To Class: ClassName=Actuators_Schematic Member=Component BRO_8 3P-Terminal
Added Member To Class: ClassName=Actuators_Schematic Member=Component BRO_9 3P-Terminal
Added Member To Class: ClassName=Actuators_Schematic Member=Component BRO_10 3P-Terminal
Added Member To Class: ClassName=Actuators_Schematic Member=Component BRO_11 3P-Terminal
