Change Component Designator: OldDesignator=M_1_A NewDesignator=Motor_1_A_Phase
Change Component Designator: OldDesignator=M_1_B NewDesignator=Motor_1_B_Phase
Change Component Designator: OldDesignator=M_2_A NewDesignator=Motor_2_A_Phase
Change Component Designator: OldDesignator=M_2_B NewDesignator=Motor_2_B_Phase
Added Component: Designator=BRO_1(CONN-TH_3P-P5.00_KF126-5.0-3P)
Add component (AddParameter): Name = "Contributor"; Value = "thulasikrishna"; VariantName = "[No Variations]"
Add component (AddParameter): Name = "JLCPCB Part Class"; Value = "Extended Part"; VariantName = "[No Variations]"
Add component (AddParameter): Name = "Manufacturer"; Value = "Cixi Kefa Elec"; VariantName = "[No Variations]"
Add component (AddParameter): Name = "Manufacturer Part"; Value = "KF126-5.0-3P"; VariantName = "[No Variations]"
Add component (AddParameter): Name = "spicePre"; Value = "U"; VariantName = "[No Variations]"
Add component (AddParameter): Name = "spiceSymbolName"; Value = "KF126-5.0-3P"; VariantName = "[No Variations]"
Add component (AddParameter): Name = "Supplier"; Value = "LCSC"; VariantName = "[No Variations]"
Add component (AddParameter): Name = "Supplier Part"; Value = "C474901"; VariantName = "[No Variations]"
Added Pin To Net: NetName=PD2 Pin=Actuators-NUC-H7-156
Added Pin To Net: NetName=PD2 Pin=BRO_1-1
Added Net: Name=PD2
Added Pin To Net: NetName=PG8 Pin=Actuators-NUC-H7-160
Added Pin To Net: NetName=PG8 Pin=BRO_1-3
Added Net: Name=PG8
Added Pin To Net: NetName=PG10 Pin=Actuators-NUC-H7-158
Added Pin To Net: NetName=PG10 Pin=BRO_1-2
Added Net: Name=PG10
Added Member To Class: ClassName=STM32H755_Breakout_Schematic Member=Component Actuators-NUC-H7 NUCLEO-H755ZI-ZIO
Added Member To Class: ClassName=Actuators_Schematic Member=Component BRO_1 3P-Terminal
